SF:/Users/joonklaps/Desktop/School/PhD/git_repos/rapidtrees/src/api.rs
FN:461,_RNvNtCsfUaFiSwe4RK_10rapidtrees3api10rapidtrees
FN:56,_RNvNtCsfUaFiSwe4RK_10rapidtrees3api18validate_iter_args
FN:32,_RNvNtCsfUaFiSwe4RK_10rapidtrees3api27collect_snapshots_from_iter
FN:439,_RNvNtCsfUaFiSwe4RK_10rapidtrees3api28pairwise_kf_from_newick_iter
FN:113,_RNvNtCsfUaFiSwe4RK_10rapidtrees3api28pairwise_rf_from_newick_iter
FN:399,_RNvNtCsfUaFiSwe4RK_10rapidtrees3api29pairwise_wrf_from_newick_iter
FN:342,_RNvNtCsfUaFiSwe4RK_10rapidtrees3api43pairwise_kf_with_snapshots_from_newick_iter
FN:200,_RNvNtCsfUaFiSwe4RK_10rapidtrees3api43pairwise_rf_with_snapshots_from_newick_iter
FN:279,_RNvNtCsfUaFiSwe4RK_10rapidtrees3api44pairwise_wrf_with_snapshots_from_newick_iter
FN:18,_RNvNtCsfUaFiSwe4RK_10rapidtrees3api7n_pairsB3_
FN:623,_RNCNvNtNtCsfUaFiSwe4RK_10rapidtrees3api20py_integration_tests13call_pairwise0B7_
FN:578,_RNCNvNtNtCsfUaFiSwe4RK_10rapidtrees3api20py_integration_tests13ensure_python0B7_
FN:690,_RNCNvNtNtCsfUaFiSwe4RK_10rapidtrees3api20py_integration_testss_22pairwise_kf_via_python0B7_
FN:679,_RNCNvNtNtCsfUaFiSwe4RK_10rapidtrees3api20py_integration_testss_23pairwise_wrf_via_python0B7_
FN:745,_RNCNvNtNtCsfUaFiSwe4RK_10rapidtrees3api20py_integration_testss_26progress_counter_lifecycle0B7_
FN:787,_RNCNvNtNtCsfUaFiSwe4RK_10rapidtrees3api20py_integration_testss_30invalid_args_raise_value_error0B7_
FN:664,_RNCNvNtNtCsfUaFiSwe4RK_10rapidtrees3api20py_integration_testss_36pairwise_rf_via_python_returns_bytes0B7_
FN:723,_RNCNvNtNtCsfUaFiSwe4RK_10rapidtrees3api20py_integration_testss_37pairwise_kf_with_snapshots_via_python0B7_
FN:701,_RNCNvNtNtCsfUaFiSwe4RK_10rapidtrees3api20py_integration_testss_37pairwise_rf_with_snapshots_via_python0B7_
FN:710,_RNCNvNtNtCsfUaFiSwe4RK_10rapidtrees3api20py_integration_testss_38pairwise_wrf_with_snapshots_via_python0B7_
FN:735,_RNCNvNtNtCsfUaFiSwe4RK_10rapidtrees3api20py_integration_testss_40pairwise_without_counter_takes_fast_path0B7_
FN:629,_RNCNvNtNtCsfUaFiSwe4RK_10rapidtrees3api20py_integration_testss_42rapidtrees_module_exports_expected_symbols0B7_
FN:486,_RNvNtNtCsfUaFiSwe4RK_10rapidtrees3api5tests9empty_map
FN:491,_RNvNtNtCsfUaFiSwe4RK_10rapidtrees3api5testss_33test_snapshots_from_newicks_basic
FN:537,_RNvNtNtCsfUaFiSwe4RK_10rapidtrees3api5testss_45test_load_beast_raw_nonexistent_returns_empty
FN:511,_RNvNtNtCsfUaFiSwe4RK_10rapidtrees3api5testss_45test_snapshots_from_newicks_leaf_names_sorted
FN:521,_RNvNtNtCsfUaFiSwe4RK_10rapidtrees3api5testss_46test_snapshots_from_newick_iter_uses_translate
FN:502,_RNvNtNtCsfUaFiSwe4RK_10rapidtrees3api5testss_52test_snapshots_from_newicks_mismatched_leaves_errors
FN:600,_RNvNtNtCsfUaFiSwe4RK_10rapidtrees3api20py_integration_tests13call_pairwise
FN:576,_RNvNtNtCsfUaFiSwe4RK_10rapidtrees3api20py_integration_tests13ensure_python
FN:652,_RNvNtNtCsfUaFiSwe4RK_10rapidtrees3api20py_integration_tests13fresh_counter
FN:586,_RNvNtNtCsfUaFiSwe4RK_10rapidtrees3api20py_integration_tests7fixture
FN:688,_RNvNtNtCsfUaFiSwe4RK_10rapidtrees3api20py_integration_testss_22pairwise_kf_via_python
FN:677,_RNvNtNtCsfUaFiSwe4RK_10rapidtrees3api20py_integration_testss_23pairwise_wrf_via_python
FN:743,_RNvNtNtCsfUaFiSwe4RK_10rapidtrees3api20py_integration_testss_26progress_counter_lifecycle
FN:785,_RNvNtNtCsfUaFiSwe4RK_10rapidtrees3api20py_integration_testss_30invalid_args_raise_value_error
FN:662,_RNvNtNtCsfUaFiSwe4RK_10rapidtrees3api20py_integration_testss_36pairwise_rf_via_python_returns_bytes
FN:721,_RNvNtNtCsfUaFiSwe4RK_10rapidtrees3api20py_integration_testss_37pairwise_kf_with_snapshots_via_python
FN:699,_RNvNtNtCsfUaFiSwe4RK_10rapidtrees3api20py_integration_testss_37pairwise_rf_with_snapshots_via_python
FN:708,_RNvNtNtCsfUaFiSwe4RK_10rapidtrees3api20py_integration_testss_38pairwise_wrf_with_snapshots_via_python
FN:733,_RNvNtNtCsfUaFiSwe4RK_10rapidtrees3api20py_integration_testss_40pairwise_without_counter_takes_fast_path
FN:627,_RNvNtNtCsfUaFiSwe4RK_10rapidtrees3api20py_integration_testss_42rapidtrees_module_exports_expected_symbols
FN:132,_RNCNCNvNtCsfUaFiSwe4RK_10rapidtrees3api28pairwise_rf_from_newick_iters_00B7_
FN:219,_RNCNCNvNtCsfUaFiSwe4RK_10rapidtrees3api43pairwise_rf_with_snapshots_from_newick_iters_00B7_
FN:39,_RNCNvNtCsfUaFiSwe4RK_10rapidtrees3api27collect_snapshots_from_iter0B5_
FN:51,_RNCNvNtCsfUaFiSwe4RK_10rapidtrees3api27collect_snapshots_from_iters_0B5_
FN:453,_RNCNvNtCsfUaFiSwe4RK_10rapidtrees3api28pairwise_kf_from_newick_iter0B5_
FN:127,_RNCNvNtCsfUaFiSwe4RK_10rapidtrees3api28pairwise_rf_from_newick_iter0B5_
FN:132,_RNCNvNtCsfUaFiSwe4RK_10rapidtrees3api28pairwise_rf_from_newick_iters_0B5_
FN:413,_RNCNvNtCsfUaFiSwe4RK_10rapidtrees3api29pairwise_wrf_from_newick_iter0B5_
FN:356,_RNCNvNtCsfUaFiSwe4RK_10rapidtrees3api43pairwise_kf_with_snapshots_from_newick_iter0B5_
FN:359,_RNCNvNtCsfUaFiSwe4RK_10rapidtrees3api43pairwise_kf_with_snapshots_from_newick_iters_0B5_
FN:214,_RNCNvNtCsfUaFiSwe4RK_10rapidtrees3api43pairwise_rf_with_snapshots_from_newick_iter0B5_
FN:219,_RNCNvNtCsfUaFiSwe4RK_10rapidtrees3api43pairwise_rf_with_snapshots_from_newick_iters_0B5_
FN:293,_RNCNvNtCsfUaFiSwe4RK_10rapidtrees3api44pairwise_wrf_with_snapshots_from_newick_iter0B5_
FN:296,_RNCNvNtCsfUaFiSwe4RK_10rapidtrees3api44pairwise_wrf_with_snapshots_from_newick_iters_0B5_
FNDA:1,_RNvNtCsfUaFiSwe4RK_10rapidtrees3api10rapidtrees
FNDA:9,_RNvNtCsfUaFiSwe4RK_10rapidtrees3api18validate_iter_args
FNDA:8,_RNvNtCsfUaFiSwe4RK_10rapidtrees3api27collect_snapshots_from_iter
FNDA:1,_RNvNtCsfUaFiSwe4RK_10rapidtrees3api28pairwise_kf_from_newick_iter
FNDA:4,_RNvNtCsfUaFiSwe4RK_10rapidtrees3api28pairwise_rf_from_newick_iter
FNDA:1,_RNvNtCsfUaFiSwe4RK_10rapidtrees3api29pairwise_wrf_from_newick_iter
FNDA:1,_RNvNtCsfUaFiSwe4RK_10rapidtrees3api43pairwise_kf_with_snapshots_from_newick_iter
FNDA:1,_RNvNtCsfUaFiSwe4RK_10rapidtrees3api43pairwise_rf_with_snapshots_from_newick_iter
FNDA:1,_RNvNtCsfUaFiSwe4RK_10rapidtrees3api44pairwise_wrf_with_snapshots_from_newick_iter
FNDA:8,_RNvNtCsfUaFiSwe4RK_10rapidtrees3api7n_pairsB3_
FNDA:0,_RNCNvNtNtCsfUaFiSwe4RK_10rapidtrees3api20py_integration_tests13call_pairwise0B7_
FNDA:1,_RNCNvNtNtCsfUaFiSwe4RK_10rapidtrees3api20py_integration_tests13ensure_python0B7_
FNDA:1,_RNCNvNtNtCsfUaFiSwe4RK_10rapidtrees3api20py_integration_testss_22pairwise_kf_via_python0B7_
FNDA:1,_RNCNvNtNtCsfUaFiSwe4RK_10rapidtrees3api20py_integration_testss_23pairwise_wrf_via_python0B7_
FNDA:1,_RNCNvNtNtCsfUaFiSwe4RK_10rapidtrees3api20py_integration_testss_26progress_counter_lifecycle0B7_
FNDA:1,_RNCNvNtNtCsfUaFiSwe4RK_10rapidtrees3api20py_integration_testss_30invalid_args_raise_value_error0B7_
FNDA:1,_RNCNvNtNtCsfUaFiSwe4RK_10rapidtrees3api20py_integration_testss_36pairwise_rf_via_python_returns_bytes0B7_
FNDA:1,_RNCNvNtNtCsfUaFiSwe4RK_10rapidtrees3api20py_integration_testss_37pairwise_kf_with_snapshots_via_python0B7_
FNDA:1,_RNCNvNtNtCsfUaFiSwe4RK_10rapidtrees3api20py_integration_testss_37pairwise_rf_with_snapshots_via_python0B7_
FNDA:1,_RNCNvNtNtCsfUaFiSwe4RK_10rapidtrees3api20py_integration_testss_38pairwise_wrf_with_snapshots_via_python0B7_
FNDA:1,_RNCNvNtNtCsfUaFiSwe4RK_10rapidtrees3api20py_integration_testss_40pairwise_without_counter_takes_fast_path0B7_
FNDA:1,_RNCNvNtNtCsfUaFiSwe4RK_10rapidtrees3api20py_integration_testss_42rapidtrees_module_exports_expected_symbols0B7_
FNDA:1,_RNvNtNtCsfUaFiSwe4RK_10rapidtrees3api5tests9empty_map
FNDA:1,_RNvNtNtCsfUaFiSwe4RK_10rapidtrees3api5testss_33test_snapshots_from_newicks_basic
FNDA:1,_RNvNtNtCsfUaFiSwe4RK_10rapidtrees3api5testss_45test_load_beast_raw_nonexistent_returns_empty
FNDA:1,_RNvNtNtCsfUaFiSwe4RK_10rapidtrees3api5testss_45test_snapshots_from_newicks_leaf_names_sorted
FNDA:1,_RNvNtNtCsfUaFiSwe4RK_10rapidtrees3api5testss_46test_snapshots_from_newick_iter_uses_translate
FNDA:1,_RNvNtNtCsfUaFiSwe4RK_10rapidtrees3api5testss_52test_snapshots_from_newicks_mismatched_leaves_errors
FNDA:8,_RNvNtNtCsfUaFiSwe4RK_10rapidtrees3api20py_integration_tests13call_pairwise
FNDA:10,_RNvNtNtCsfUaFiSwe4RK_10rapidtrees3api20py_integration_tests13ensure_python
FNDA:6,_RNvNtNtCsfUaFiSwe4RK_10rapidtrees3api20py_integration_tests13fresh_counter
FNDA:8,_RNvNtNtCsfUaFiSwe4RK_10rapidtrees3api20py_integration_tests7fixture
FNDA:1,_RNvNtNtCsfUaFiSwe4RK_10rapidtrees3api20py_integration_testss_22pairwise_kf_via_python
FNDA:1,_RNvNtNtCsfUaFiSwe4RK_10rapidtrees3api20py_integration_testss_23pairwise_wrf_via_python
FNDA:1,_RNvNtNtCsfUaFiSwe4RK_10rapidtrees3api20py_integration_testss_26progress_counter_lifecycle
FNDA:1,_RNvNtNtCsfUaFiSwe4RK_10rapidtrees3api20py_integration_testss_30invalid_args_raise_value_error
FNDA:1,_RNvNtNtCsfUaFiSwe4RK_10rapidtrees3api20py_integration_testss_36pairwise_rf_via_python_returns_bytes
FNDA:1,_RNvNtNtCsfUaFiSwe4RK_10rapidtrees3api20py_integration_testss_37pairwise_kf_with_snapshots_via_python
FNDA:1,_RNvNtNtCsfUaFiSwe4RK_10rapidtrees3api20py_integration_testss_37pairwise_rf_with_snapshots_via_python
FNDA:1,_RNvNtNtCsfUaFiSwe4RK_10rapidtrees3api20py_integration_testss_38pairwise_wrf_with_snapshots_via_python
FNDA:1,_RNvNtNtCsfUaFiSwe4RK_10rapidtrees3api20py_integration_testss_40pairwise_without_counter_takes_fast_path
FNDA:1,_RNvNtNtCsfUaFiSwe4RK_10rapidtrees3api20py_integration_testss_42rapidtrees_module_exports_expected_symbols
FNDA:27,_RNCNCNvNtCsfUaFiSwe4RK_10rapidtrees3api28pairwise_rf_from_newick_iters_00B7_
FNDA:9,_RNCNCNvNtCsfUaFiSwe4RK_10rapidtrees3api43pairwise_rf_with_snapshots_from_newick_iters_00B7_
FNDA:24,_RNCNvNtCsfUaFiSwe4RK_10rapidtrees3api27collect_snapshots_from_iter0B5_
FNDA:24,_RNCNvNtCsfUaFiSwe4RK_10rapidtrees3api27collect_snapshots_from_iters_0B5_
FNDA:1,_RNCNvNtCsfUaFiSwe4RK_10rapidtrees3api28pairwise_kf_from_newick_iter0B5_
FNDA:3,_RNCNvNtCsfUaFiSwe4RK_10rapidtrees3api28pairwise_rf_from_newick_iter0B5_
FNDA:9,_RNCNvNtCsfUaFiSwe4RK_10rapidtrees3api28pairwise_rf_from_newick_iters_0B5_
FNDA:1,_RNCNvNtCsfUaFiSwe4RK_10rapidtrees3api29pairwise_wrf_from_newick_iter0B5_
FNDA:1,_RNCNvNtCsfUaFiSwe4RK_10rapidtrees3api43pairwise_kf_with_snapshots_from_newick_iter0B5_
FNDA:9,_RNCNvNtCsfUaFiSwe4RK_10rapidtrees3api43pairwise_kf_with_snapshots_from_newick_iters_0B5_
FNDA:1,_RNCNvNtCsfUaFiSwe4RK_10rapidtrees3api43pairwise_rf_with_snapshots_from_newick_iter0B5_
FNDA:3,_RNCNvNtCsfUaFiSwe4RK_10rapidtrees3api43pairwise_rf_with_snapshots_from_newick_iters_0B5_
FNDA:1,_RNCNvNtCsfUaFiSwe4RK_10rapidtrees3api44pairwise_wrf_with_snapshots_from_newick_iter0B5_
FNDA:9,_RNCNvNtCsfUaFiSwe4RK_10rapidtrees3api44pairwise_wrf_with_snapshots_from_newick_iters_0B5_
FNF:56
FNH:55
DA:18,8
DA:19,8
DA:20,8
DA:32,8
DA:33,8
DA:34,8
DA:35,8
DA:36,8
DA:37,8
DA:38,8
DA:39,24
DA:40,8
DA:42,8
DA:43,0
DA:44,0
DA:45,0
DA:46,8
DA:48,8
DA:49,8
DA:50,8
DA:51,24
DA:52,8
DA:53,8
DA:56,9
DA:57,9
DA:58,9
DA:59,9
DA:60,9
DA:61,9
DA:63,9
DA:64,1
DA:65,1
DA:66,1
DA:67,8
DA:69,8
DA:70,0
DA:71,0
DA:72,0
DA:73,0
DA:74,0
DA:75,8
DA:77,24
DA:78,24
DA:79,0
DA:80,0
DA:81,0
DA:82,0
DA:83,0
DA:84,0
DA:85,24
DA:87,8
DA:88,9
DA:113,4
DA:114,4
DA:115,4
DA:116,4
DA:117,4
DA:118,4
DA:119,4
DA:120,4
DA:121,4
DA:122,4
DA:124,3
DA:126,3
DA:127,3
DA:128,3
DA:129,3
DA:130,3
DA:131,3
DA:132,27
DA:133,3
DA:135,3
DA:137,3
DA:138,4
DA:200,1
DA:201,1
DA:202,1
DA:203,1
DA:204,1
DA:205,1
DA:206,1
DA:207,1
DA:208,1
DA:209,1
DA:211,1
DA:213,1
DA:214,1
DA:215,1
DA:216,1
DA:217,1
DA:218,1
DA:219,9
DA:220,1
DA:222,1
DA:223,1
DA:224,1
DA:225,1
DA:227,1
DA:228,1
DA:229,1
DA:230,1
DA:231,1
DA:232,1
DA:233,1
DA:234,1
DA:235,1
DA:236,1
DA:237,1
DA:238,1
DA:279,1
DA:280,1
DA:281,1
DA:282,1
DA:283,1
DA:284,1
DA:285,1
DA:286,1
DA:287,1
DA:288,1
DA:290,1
DA:292,1
DA:293,1
DA:294,1
DA:295,1
DA:296,9
DA:298,1
DA:299,1
DA:300,1
DA:301,1
DA:303,1
DA:304,1
DA:305,1
DA:306,1
DA:307,1
DA:308,1
DA:309,1
DA:310,1
DA:311,1
DA:312,1
DA:313,1
DA:314,1
DA:342,1
DA:343,1
DA:344,1
DA:345,1
DA:346,1
DA:347,1
DA:348,1
DA:349,1
DA:350,1
DA:351,1
DA:353,1
DA:355,1
DA:356,1
DA:357,1
DA:358,1
DA:359,9
DA:361,1
DA:362,1
DA:363,1
DA:364,1
DA:366,1
DA:367,1
DA:368,1
DA:369,1
DA:370,1
DA:371,1
DA:372,1
DA:373,1
DA:374,1
DA:375,1
DA:376,1
DA:377,1
DA:399,1
DA:400,1
DA:401,1
DA:402,1
DA:403,1
DA:404,1
DA:405,1
DA:406,1
DA:407,1
DA:408,1
DA:410,1
DA:412,1
DA:413,1
DA:414,1
DA:415,1
DA:416,1
DA:417,1
DA:439,1
DA:440,1
DA:441,1
DA:442,1
DA:443,1
DA:444,1
DA:445,1
DA:446,1
DA:447,1
DA:448,1
DA:450,1
DA:452,1
DA:453,1
DA:454,1
DA:455,1
DA:456,1
DA:457,1
DA:461,1
DA:462,1
DA:463,1
DA:465,1
DA:466,0
DA:467,1
DA:469,1
DA:470,0
DA:471,1
DA:473,1
DA:474,0
DA:475,1
DA:476,1
DA:477,1
DA:478,1
DA:479,1
DA:486,1
DA:487,1
DA:488,1
DA:491,1
DA:492,1
DA:493,1
DA:496,1
DA:497,1
DA:498,1
DA:499,1
DA:502,1
DA:503,1
DA:504,1
DA:507,1
DA:508,1
DA:511,1
DA:512,1
DA:513,1
DA:515,1
DA:518,1
DA:521,1
DA:522,1
DA:523,1
DA:524,1
DA:525,1
DA:526,1
DA:527,1
DA:528,1
DA:529,1
DA:530,1
DA:531,1
DA:532,1
DA:533,1
DA:534,1
DA:537,1
DA:538,1
DA:539,1
DA:540,1
DA:541,1
DA:576,10
DA:578,10
DA:579,1
DA:580,1
DA:581,1
DA:582,10
DA:586,8
DA:587,8
DA:588,8
DA:589,8
DA:590,8
DA:591,8
DA:592,8
DA:593,8
DA:595,8
DA:596,8
DA:597,8
DA:598,8
DA:600,8
DA:601,8
DA:602,8
DA:603,8
DA:604,8
DA:605,8
DA:606,8
DA:607,8
DA:608,8
DA:609,8
DA:610,8
DA:611,8
DA:612,7
DA:613,7
DA:614,8
DA:615,8
DA:616,8
DA:617,8
DA:618,8
DA:619,8
DA:620,8
DA:621,8
DA:623,8
DA:624,8
DA:627,1
DA:628,1
DA:629,1
DA:630,1
DA:631,7
DA:632,1
DA:633,1
DA:634,1
DA:635,1
DA:636,1
DA:637,1
DA:638,1
DA:639,1
DA:640,7
DA:641,7
DA:645,1
DA:646,1
DA:652,6
DA:653,6
DA:654,6
DA:655,6
DA:656,6
DA:657,6
DA:658,6
DA:659,6
DA:662,1
DA:663,1
DA:664,1
DA:665,1
DA:666,1
DA:667,1
DA:668,1
DA:669,1
DA:671,1
DA:672,1
DA:673,1
DA:674,1
DA:677,1
DA:678,1
DA:679,1
DA:680,1
DA:681,1
DA:682,1
DA:683,1
DA:684,1
DA:685,1
DA:688,1
DA:689,1
DA:690,1
DA:691,1
DA:692,1
DA:693,1
DA:694,1
DA:695,1
DA:696,1
DA:699,1
DA:700,1
DA:701,1
DA:702,1
DA:703,1
DA:704,1
DA:705,1
DA:708,1
DA:709,1
DA:710,1
DA:711,1
DA:712,1
DA:713,1
DA:714,1
DA:715,1
DA:716,1
DA:717,1
DA:718,1
DA:721,1
DA:722,1
DA:723,1
DA:724,1
DA:725,1
DA:726,1
DA:727,1
DA:733,1
DA:734,1
DA:735,1
DA:736,1
DA:737,1
DA:738,1
DA:739,1
DA:740,1
DA:743,1
DA:744,1
DA:745,1
DA:746,1
DA:747,1
DA:748,1
DA:751,1
DA:752,1
DA:753,1
DA:754,1
DA:755,1
DA:756,1
DA:759,1
DA:760,1
DA:761,1
DA:762,1
DA:766,1
DA:767,1
DA:768,1
DA:769,1
DA:770,1
DA:771,1
DA:772,1
DA:776,1
DA:777,1
DA:778,1
DA:779,1
DA:780,1
DA:781,1
DA:782,1
DA:785,1
DA:786,1
DA:787,1
DA:789,1
DA:790,1
DA:791,1
DA:792,1
DA:793,1
DA:794,1
DA:795,1
DA:796,1
DA:797,1
DA:798,1
DA:799,1
DA:800,1
DA:801,1
DA:802,1
DA:803,1
DA:804,1
DA:805,1
BRF:0
BRH:0
LF:474
LH:450
end_of_record
SF:/Users/joonklaps/Desktop/School/PhD/git_repos/rapidtrees/src/bitset.rs
FN:107,_RNvMNtCsfUaFiSwe4RK_10rapidtrees6bitsetNtB2_6Bitset10count_onesB4_
FN:87,_RNvMNtCsfUaFiSwe4RK_10rapidtrees6bitsetNtB2_6Bitset3getB4_
FN:56,_RNvMNtCsfUaFiSwe4RK_10rapidtrees6bitsetNtB2_6Bitset3setB4_
FN:36,_RNvMNtCsfUaFiSwe4RK_10rapidtrees6bitsetNtB2_6Bitset5zeros
FN:79,_RNvMNtCsfUaFiSwe4RK_10rapidtrees6bitsetNtB2_6Bitset9or_assignB4_
FN:108,_RNCNvMNtCsfUaFiSwe4RK_10rapidtrees6bitsetNtB4_6Bitset10count_ones0B6_
FN:125,_RNvNtNtCsfUaFiSwe4RK_10rapidtrees6bitset5testss_14test_bitset_or
FN:139,_RNvNtNtCsfUaFiSwe4RK_10rapidtrees6bitset5testss_15test_count_ones
FN:182,_RNvNtNtCsfUaFiSwe4RK_10rapidtrees6bitset5testss_15test_large_tree
FN:117,_RNvNtNtCsfUaFiSwe4RK_10rapidtrees6bitset5testss_17test_bitset_basic
FN:165,_RNvNtNtCsfUaFiSwe4RK_10rapidtrees6bitset5testss_22test_mini_tree_example
FN:196,_RNvNtNtCsfUaFiSwe4RK_10rapidtrees6bitset5testss_8test_get
FNDA:20042,_RNvMNtCsfUaFiSwe4RK_10rapidtrees6bitsetNtB2_6Bitset10count_onesB4_
FNDA:4,_RNvMNtCsfUaFiSwe4RK_10rapidtrees6bitsetNtB2_6Bitset3getB4_
FNDA:10605,_RNvMNtCsfUaFiSwe4RK_10rapidtrees6bitsetNtB2_6Bitset3setB4_
FNDA:20604,_RNvMNtCsfUaFiSwe4RK_10rapidtrees6bitsetNtB2_6Bitset5zeros
FNDA:20044,_RNvMNtCsfUaFiSwe4RK_10rapidtrees6bitsetNtB2_6Bitset9or_assignB4_
FNDA:43871,_RNCNvMNtCsfUaFiSwe4RK_10rapidtrees6bitsetNtB4_6Bitset10count_ones0B6_
FNDA:1,_RNvNtNtCsfUaFiSwe4RK_10rapidtrees6bitset5testss_14test_bitset_or
FNDA:1,_RNvNtNtCsfUaFiSwe4RK_10rapidtrees6bitset5testss_15test_count_ones
FNDA:1,_RNvNtNtCsfUaFiSwe4RK_10rapidtrees6bitset5testss_15test_large_tree
FNDA:1,_RNvNtNtCsfUaFiSwe4RK_10rapidtrees6bitset5testss_17test_bitset_basic
FNDA:1,_RNvNtNtCsfUaFiSwe4RK_10rapidtrees6bitset5testss_22test_mini_tree_example
FNDA:1,_RNvNtNtCsfUaFiSwe4RK_10rapidtrees6bitset5testss_8test_get
FNF:12
FNH:12
DA:36,20604
DA:37,20604
DA:38,20604
DA:56,10605
DA:57,10605
DA:58,10605
DA:59,10605
DA:60,10605
DA:79,20044
DA:80,43872
DA:81,43872
DA:82,43872
DA:83,20044
DA:87,4
DA:88,4
DA:89,4
DA:90,4
DA:91,4
DA:107,20042
DA:108,43871
DA:109,20042
DA:117,1
DA:118,1
DA:119,1
DA:120,1
DA:121,1
DA:122,1
DA:125,1
DA:126,1
DA:127,1
DA:128,1
DA:130,1
DA:131,1
DA:132,1
DA:134,1
DA:135,1
DA:136,1
DA:139,1
DA:140,1
DA:141,1
DA:142,1
DA:143,1
DA:144,1
DA:145,1
DA:165,1
DA:167,1
DA:168,1
DA:169,1
DA:170,1
DA:171,1
DA:174,1
DA:175,1
DA:176,1
DA:177,1
DA:178,1
DA:179,1
DA:182,1
DA:184,1
DA:185,1
DA:186,1
DA:187,1
DA:188,1
DA:190,1
DA:191,1
DA:192,1
DA:193,1
DA:196,1
DA:197,1
DA:198,1
DA:199,1
DA:200,1
DA:201,1
DA:202,1
DA:203,1
DA:204,1
BRF:0
BRH:0
LF:76
LH:76
end_of_record
SF:/Users/joonklaps/Desktop/School/PhD/git_repos/rapidtrees/src/distances.rs
FN:95,_RNvNtCsfUaFiSwe4RK_10rapidtrees9distances11kf_distance
FN:26,_RNvNtCsfUaFiSwe4RK_10rapidtrees9distances11rf_distance
FN:57,_RNvNtCsfUaFiSwe4RK_10rapidtrees9distances12wrf_distance
FN:178,_RNvNtCsfUaFiSwe4RK_10rapidtrees9distances16kf_distance_fastB3_
FN:130,_RNvNtCsfUaFiSwe4RK_10rapidtrees9distances16rf_distance_fastB3_
FN:150,_RNvNtCsfUaFiSwe4RK_10rapidtrees9distances17wrf_distance_fastB3_
FN:280,_RNvNtCsfUaFiSwe4RK_10rapidtrees9distancess_24robinson_foulds_treedist
FN:507,_RNvNtCsfUaFiSwe4RK_10rapidtrees9distancess_27kuhner_felsenstein_treedist
FN:316,_RNvNtCsfUaFiSwe4RK_10rapidtrees9distancess_33weighted_robinson_foulds_treedist
FN:209,_RINvNtCsfUaFiSwe4RK_10rapidtrees9distances18pairwise_symmetricdNvB2_16kf_distance_fastEB4_
FN:209,_RINvNtCsfUaFiSwe4RK_10rapidtrees9distances18pairwise_symmetricdNvB2_17wrf_distance_fastEB4_
FN:209,_RINvNtCsfUaFiSwe4RK_10rapidtrees9distances18pairwise_symmetricjNvB2_16rf_distance_fastEB4_
FN:222,_RINvNtCsfUaFiSwe4RK_10rapidtrees9distances26pairwise_symmetric_counteddNvB2_16kf_distance_fastEB4_
FN:222,_RINvNtCsfUaFiSwe4RK_10rapidtrees9distances26pairwise_symmetric_counteddNvB2_17wrf_distance_fastEB4_
FN:222,_RINvNtCsfUaFiSwe4RK_10rapidtrees9distances26pairwise_symmetric_countedjNvB2_16rf_distance_fastEB4_
FN:237,_RNCINvNtCsfUaFiSwe4RK_10rapidtrees9distances26pairwise_symmetric_counteddNvB4_16kf_distance_fastE0B6_
FN:237,_RNCINvNtCsfUaFiSwe4RK_10rapidtrees9distances26pairwise_symmetric_counteddNvB4_17wrf_distance_fastE0B6_
FN:237,_RNCINvNtCsfUaFiSwe4RK_10rapidtrees9distances26pairwise_symmetric_countedjNvB4_16rf_distance_fastE0B6_
FN:300,_RNCNCNvNtCsfUaFiSwe4RK_10rapidtrees9distancess_24robinson_foulds_treedist00B7_
FN:301,_RNCNCNvNtCsfUaFiSwe4RK_10rapidtrees9distancess_24robinson_foulds_treedist0s_0B7_
FN:683,_RNCNCNvNtCsfUaFiSwe4RK_10rapidtrees9distancess_27kuhner_felsenstein_treedist00B7_
FN:684,_RNCNCNvNtCsfUaFiSwe4RK_10rapidtrees9distancess_27kuhner_felsenstein_treedist0s_0B7_
FN:492,_RNCNCNvNtCsfUaFiSwe4RK_10rapidtrees9distancess_33weighted_robinson_foulds_treedist00B7_
FN:493,_RNCNCNvNtCsfUaFiSwe4RK_10rapidtrees9distancess_33weighted_robinson_foulds_treedist0s_0B7_
FN:121,_RNCNvNtCsfUaFiSwe4RK_10rapidtrees9distances11kf_distance0B5_
FN:122,_RNCNvNtCsfUaFiSwe4RK_10rapidtrees9distances11kf_distances_0B5_
FN:200,_RNCNvNtCsfUaFiSwe4RK_10rapidtrees9distances16kf_distance_fast0B5_
FN:201,_RNCNvNtCsfUaFiSwe4RK_10rapidtrees9distances16kf_distance_fasts_0B5_
FN:297,_RNCNvNtCsfUaFiSwe4RK_10rapidtrees9distancess_24robinson_foulds_treedist0B5_
FN:680,_RNCNvNtCsfUaFiSwe4RK_10rapidtrees9distancess_27kuhner_felsenstein_treedist0B5_
FN:489,_RNCNvNtCsfUaFiSwe4RK_10rapidtrees9distancess_33weighted_robinson_foulds_treedist0B5_
FN:703,_RNvNtNtCsfUaFiSwe4RK_10rapidtrees9distances5tests15three_snapshots
FN:709,_RNvNtNtCsfUaFiSwe4RK_10rapidtrees9distances5testss_15rf_known_values
FN:758,_RNvNtNtCsfUaFiSwe4RK_10rapidtrees9distances5testss_19kf_differs_from_wrf
FN:742,_RNvNtNtCsfUaFiSwe4RK_10rapidtrees9distances5testss_26kf_symmetric_zero_diagonal
FN:725,_RNvNtNtCsfUaFiSwe4RK_10rapidtrees9distances5testss_27wrf_symmetric_zero_diagonal
FN:845,_RNvNtNtCsfUaFiSwe4RK_10rapidtrees9distances5testss_29split_ids_sorted_per_snapshot
FN:855,_RNvNtNtCsfUaFiSwe4RK_10rapidtrees9distances5testss_30lengths_aligned_with_split_ids
FN:820,_RNvNtNtCsfUaFiSwe4RK_10rapidtrees9distances5testss_38metrics_satisfy_triangle_inequality_kf
FN:770,_RNvNtNtCsfUaFiSwe4RK_10rapidtrees9distances5testss_38metrics_satisfy_triangle_inequality_rf
FN:795,_RNvNtNtCsfUaFiSwe4RK_10rapidtrees9distances5testss_39metrics_satisfy_triangle_inequality_wrf
FN:764,_RNCNCNvNtNtCsfUaFiSwe4RK_10rapidtrees9distances5testss_19kf_differs_from_wrf00B9_
FN:764,_RNCNvNtNtCsfUaFiSwe4RK_10rapidtrees9distances5testss_19kf_differs_from_wrf0B7_
FN:765,_RNCNvNtNtCsfUaFiSwe4RK_10rapidtrees9distances5testss_19kf_differs_from_wrfs_0B7_
FNDA:66,_RNvNtCsfUaFiSwe4RK_10rapidtrees9distances11kf_distance
FNDA:70,_RNvNtCsfUaFiSwe4RK_10rapidtrees9distances11rf_distance
FNDA:66,_RNvNtCsfUaFiSwe4RK_10rapidtrees9distances12wrf_distance
FNDA:45,_RNvNtCsfUaFiSwe4RK_10rapidtrees9distances16kf_distance_fastB3_
FNDA:99,_RNvNtCsfUaFiSwe4RK_10rapidtrees9distances16rf_distance_fastB3_
FNDA:49,_RNvNtCsfUaFiSwe4RK_10rapidtrees9distances17wrf_distance_fastB3_
FNDA:1,_RNvNtCsfUaFiSwe4RK_10rapidtrees9distancess_24robinson_foulds_treedist
FNDA:1,_RNvNtCsfUaFiSwe4RK_10rapidtrees9distancess_27kuhner_felsenstein_treedist
FNDA:1,_RNvNtCsfUaFiSwe4RK_10rapidtrees9distancess_33weighted_robinson_foulds_treedist
FNDA:4,_RINvNtCsfUaFiSwe4RK_10rapidtrees9distances18pairwise_symmetricdNvB2_16kf_distance_fastEB4_
FNDA:6,_RINvNtCsfUaFiSwe4RK_10rapidtrees9distances18pairwise_symmetricdNvB2_17wrf_distance_fastEB4_
FNDA:5,_RINvNtCsfUaFiSwe4RK_10rapidtrees9distances18pairwise_symmetricjNvB2_16rf_distance_fastEB4_
FNDA:7,_RINvNtCsfUaFiSwe4RK_10rapidtrees9distances26pairwise_symmetric_counteddNvB2_16kf_distance_fastEB4_
FNDA:9,_RINvNtCsfUaFiSwe4RK_10rapidtrees9distances26pairwise_symmetric_counteddNvB2_17wrf_distance_fastEB4_
FNDA:13,_RINvNtCsfUaFiSwe4RK_10rapidtrees9distances26pairwise_symmetric_countedjNvB2_16rf_distance_fastEB4_
FNDA:27,_RNCINvNtCsfUaFiSwe4RK_10rapidtrees9distances26pairwise_symmetric_counteddNvB4_16kf_distance_fastE0B6_
FNDA:32,_RNCINvNtCsfUaFiSwe4RK_10rapidtrees9distances26pairwise_symmetric_counteddNvB4_17wrf_distance_fastE0B6_
FNDA:54,_RNCINvNtCsfUaFiSwe4RK_10rapidtrees9distances26pairwise_symmetric_countedjNvB4_16rf_distance_fastE0B6_
FNDA:266,_RNCNCNvNtCsfUaFiSwe4RK_10rapidtrees9distancess_24robinson_foulds_treedist00B7_
FNDA:394,_RNCNCNvNtCsfUaFiSwe4RK_10rapidtrees9distancess_24robinson_foulds_treedist0s_0B7_
FNDA:266,_RNCNCNvNtCsfUaFiSwe4RK_10rapidtrees9distancess_27kuhner_felsenstein_treedist00B7_
FNDA:394,_RNCNCNvNtCsfUaFiSwe4RK_10rapidtrees9distancess_27kuhner_felsenstein_treedist0s_0B7_
FNDA:266,_RNCNCNvNtCsfUaFiSwe4RK_10rapidtrees9distancess_33weighted_robinson_foulds_treedist00B7_
FNDA:394,_RNCNCNvNtCsfUaFiSwe4RK_10rapidtrees9distancess_33weighted_robinson_foulds_treedist0s_0B7_
FNDA:0,_RNCNvNtCsfUaFiSwe4RK_10rapidtrees9distances11kf_distance0B5_
FNDA:0,_RNCNvNtCsfUaFiSwe4RK_10rapidtrees9distances11kf_distances_0B5_
FNDA:2,_RNCNvNtCsfUaFiSwe4RK_10rapidtrees9distances16kf_distance_fast0B5_
FNDA:39,_RNCNvNtCsfUaFiSwe4RK_10rapidtrees9distances16kf_distance_fasts_0B5_
FNDA:66,_RNCNvNtCsfUaFiSwe4RK_10rapidtrees9distancess_24robinson_foulds_treedist0B5_
FNDA:66,_RNCNvNtCsfUaFiSwe4RK_10rapidtrees9distancess_27kuhner_felsenstein_treedist0B5_
FNDA:66,_RNCNvNtCsfUaFiSwe4RK_10rapidtrees9distancess_33weighted_robinson_foulds_treedist0B5_
FNDA:9,_RNvNtNtCsfUaFiSwe4RK_10rapidtrees9distances5tests15three_snapshots
FNDA:1,_RNvNtNtCsfUaFiSwe4RK_10rapidtrees9distances5testss_15rf_known_values
FNDA:1,_RNvNtNtCsfUaFiSwe4RK_10rapidtrees9distances5testss_19kf_differs_from_wrf
FNDA:1,_RNvNtNtCsfUaFiSwe4RK_10rapidtrees9distances5testss_26kf_symmetric_zero_diagonal
FNDA:1,_RNvNtNtCsfUaFiSwe4RK_10rapidtrees9distances5testss_27wrf_symmetric_zero_diagonal
FNDA:1,_RNvNtNtCsfUaFiSwe4RK_10rapidtrees9distances5testss_29split_ids_sorted_per_snapshot
FNDA:1,_RNvNtNtCsfUaFiSwe4RK_10rapidtrees9distances5testss_30lengths_aligned_with_split_ids
FNDA:1,_RNvNtNtCsfUaFiSwe4RK_10rapidtrees9distances5testss_38metrics_satisfy_triangle_inequality_kf
FNDA:1,_RNvNtNtCsfUaFiSwe4RK_10rapidtrees9distances5testss_38metrics_satisfy_triangle_inequality_rf
FNDA:1,_RNvNtNtCsfUaFiSwe4RK_10rapidtrees9distances5testss_39metrics_satisfy_triangle_inequality_wrf
FNDA:1,_RNCNCNvNtNtCsfUaFiSwe4RK_10rapidtrees9distances5testss_19kf_differs_from_wrf00B9_
FNDA:1,_RNCNvNtNtCsfUaFiSwe4RK_10rapidtrees9distances5testss_19kf_differs_from_wrf0B7_
FNDA:1,_RNCNvNtNtCsfUaFiSwe4RK_10rapidtrees9distances5testss_19kf_differs_from_wrfs_0B7_
FNF:38
FNH:36
DA:26,70
DA:27,70
DA:31,70
DA:32,70
DA:33,70
DA:34,1414
DA:35,1344
DA:36,942
DA:37,942
DA:38,942
DA:39,942
DA:40,942
DA:41,200
DA:42,202
DA:45,70
DA:46,70
DA:57,66
DA:58,66
DA:62,66
DA:63,66
DA:64,66
DA:65,1387
DA:66,1321
DA:67,923
DA:68,923
DA:69,923
DA:70,923
DA:71,923
DA:72,199
DA:73,199
DA:74,199
DA:75,199
DA:76,199
DA:77,199
DA:78,199
DA:79,199
DA:82,66
DA:83,66
DA:84,66
DA:85,66
DA:95,66
DA:96,66
DA:100,66
DA:101,66
DA:102,66
DA:103,1387
DA:104,1321
DA:105,923
DA:106,923
DA:107,923
DA:108,923
DA:109,923
DA:110,923
DA:111,199
DA:112,199
DA:113,199
DA:114,199
DA:115,199
DA:116,199
DA:117,199
DA:118,199
DA:121,66
DA:122,66
DA:123,66
DA:124,66
DA:130,99
DA:131,99
DA:132,99
DA:133,99
DA:134,799
DA:135,700
DA:136,594
DA:137,594
DA:138,594
DA:139,594
DA:140,594
DA:141,91
DA:142,15
DA:145,99
DA:146,99
DA:150,49
DA:151,49
DA:152,49
DA:153,49
DA:154,455
DA:155,406
DA:156,352
DA:157,352
DA:158,352
DA:159,352
DA:160,352
DA:161,46
DA:162,46
DA:163,46
DA:164,46
DA:165,8
DA:166,8
DA:167,8
DA:168,8
DA:171,49
DA:172,49
DA:173,49
DA:174,49
DA:178,45
DA:179,45
DA:180,45
DA:181,45
DA:182,431
DA:183,386
DA:184,335
DA:185,335
DA:186,335
DA:187,335
DA:188,335
DA:189,335
DA:190,44
DA:191,44
DA:192,44
DA:193,44
DA:194,7
DA:195,7
DA:196,7
DA:197,7
DA:200,45
DA:201,45
DA:202,45
DA:203,45
DA:209,15
DA:210,15
DA:211,15
DA:212,15
DA:214,15
DA:215,15
DA:222,29
DA:223,29
DA:224,29
DA:225,29
DA:226,29
DA:227,29
DA:228,29
DA:229,29
DA:231,29
DA:234,29
DA:237,113
DA:238,193
DA:239,193
DA:240,193
DA:241,113
DA:242,54
DA:243,54
DA:244,59
DA:245,113
DA:248,113
DA:249,193
DA:250,193
DA:251,193
DA:254,29
DA:255,29
DA:280,1
DA:281,1
DA:282,1
DA:283,1
DA:284,1
DA:285,1
DA:286,1
DA:287,1
DA:288,1
DA:289,1
DA:290,1
DA:291,1
DA:292,1
DA:293,1
DA:294,1
DA:295,1
DA:297,66
DA:298,66
DA:299,66
DA:300,266
DA:301,394
DA:303,66
DA:304,66
DA:305,66
DA:306,66
DA:307,66
DA:310,66
DA:311,1
DA:316,1
DA:317,1
DA:318,1
DA:319,1
DA:320,1
DA:321,1
DA:322,1
DA:323,1
DA:324,1
DA:325,1
DA:326,1
DA:327,1
DA:328,1
DA:329,1
DA:330,1
DA:331,1
DA:332,1
DA:333,1
DA:334,1
DA:335,1
DA:336,1
DA:337,1
DA:338,1
DA:339,1
DA:340,1
DA:341,1
DA:342,1
DA:343,1
DA:344,1
DA:345,1
DA:346,1
DA:347,1
DA:348,1
DA:349,1
DA:350,1
DA:351,1
DA:352,1
DA:353,1
DA:354,1
DA:355,1
DA:356,1
DA:357,1
DA:358,1
DA:359,1
DA:360,1
DA:361,1
DA:362,1
DA:363,1
DA:364,1
DA:365,1
DA:366,1
DA:367,1
DA:368,1
DA:369,1
DA:370,1
DA:371,1
DA:372,1
DA:373,1
DA:374,1
DA:375,1
DA:376,1
DA:377,1
DA:378,1
DA:379,1
DA:380,1
DA:381,1
DA:382,1
DA:383,1
DA:384,1
DA:385,1
DA:386,1
DA:387,1
DA:388,1
DA:389,1
DA:390,1
DA:391,1
DA:392,1
DA:393,1
DA:394,1
DA:395,1
DA:396,1
DA:397,1
DA:398,1
DA:399,1
DA:400,1
DA:401,1
DA:402,1
DA:403,1
DA:404,1
DA:405,1
DA:406,1
DA:407,1
DA:408,1
DA:409,1
DA:410,1
DA:411,1
DA:412,1
DA:413,1
DA:414,1
DA:415,1
DA:416,1
DA:417,1
DA:418,1
DA:419,1
DA:420,1
DA:421,1
DA:422,1
DA:423,1
DA:424,1
DA:425,1
DA:426,1
DA:427,1
DA:428,1
DA:429,1
DA:430,1
DA:431,1
DA:432,1
DA:433,1
DA:434,1
DA:435,1
DA:436,1
DA:437,1
DA:438,1
DA:439,1
DA:440,1
DA:441,1
DA:442,1
DA:443,1
DA:444,1
DA:445,1
DA:446,1
DA:447,1
DA:448,1
DA:449,1
DA:450,1
DA:451,1
DA:452,1
DA:453,1
DA:454,1
DA:455,1
DA:456,1
DA:457,1
DA:458,1
DA:459,1
DA:460,1
DA:461,1
DA:462,1
DA:463,1
DA:464,1
DA:465,1
DA:466,1
DA:467,1
DA:468,1
DA:469,1
DA:470,1
DA:471,1
DA:472,1
DA:473,1
DA:474,1
DA:475,1
DA:476,1
DA:477,1
DA:478,1
DA:479,1
DA:480,1
DA:481,1
DA:482,1
DA:483,1
DA:484,1
DA:485,1
DA:486,1
DA:487,1
DA:489,66
DA:490,66
DA:491,66
DA:492,266
DA:493,394
DA:495,66
DA:496,66
DA:497,66
DA:498,66
DA:501,66
DA:502,1
DA:507,1
DA:508,1
DA:509,1
DA:510,1
DA:511,1
DA:512,1
DA:513,1
DA:514,1
DA:515,1
DA:516,1
DA:517,1
DA:518,1
DA:519,1
DA:520,1
DA:521,1
DA:522,1
DA:523,1
DA:524,1
DA:525,1
DA:526,1
DA:527,1
DA:528,1
DA:529,1
DA:530,1
DA:531,1
DA:532,1
DA:533,1
DA:534,1
DA:535,1
DA:536,1
DA:537,1
DA:538,1
DA:539,1
DA:540,1
DA:541,1
DA:542,1
DA:543,1
DA:544,1
DA:545,1
DA:546,1
DA:547,1
DA:548,1
DA:549,1
DA:550,1
DA:551,1
DA:552,1
DA:553,1
DA:554,1
DA:555,1
DA:556,1
DA:557,1
DA:558,1
DA:559,1
DA:560,1
DA:561,1
DA:562,1
DA:563,1
DA:564,1
DA:565,1
DA:566,1
DA:567,1
DA:568,1
DA:569,1
DA:570,1
DA:571,1
DA:572,1
DA:573,1
DA:574,1
DA:575,1
DA:576,1
DA:577,1
DA:578,1
DA:579,1
DA:580,1
DA:581,1
DA:582,1
DA:583,1
DA:584,1
DA:585,1
DA:586,1
DA:587,1
DA:588,1
DA:589,1
DA:590,1
DA:591,1
DA:592,1
DA:593,1
DA:594,1
DA:595,1
DA:596,1
DA:597,1
DA:598,1
DA:599,1
DA:600,1
DA:601,1
DA:602,1
DA:603,1
DA:604,1
DA:605,1
DA:606,1
DA:607,1
DA:608,1
DA:609,1
DA:610,1
DA:611,1
DA:612,1
DA:613,1
DA:614,1
DA:615,1
DA:616,1
DA:617,1
DA:618,1
DA:619,1
DA:620,1
DA:621,1
DA:622,1
DA:623,1
DA:624,1
DA:625,1
DA:626,1
DA:627,1
DA:628,1
DA:629,1
DA:630,1
DA:631,1
DA:632,1
DA:633,1
DA:634,1
DA:635,1
DA:636,1
DA:637,1
DA:638,1
DA:639,1
DA:640,1
DA:641,1
DA:642,1
DA:643,1
DA:644,1
DA:645,1
DA:646,1
DA:647,1
DA:648,1
DA:649,1
DA:650,1
DA:651,1
DA:652,1
DA:653,1
DA:654,1
DA:655,1
DA:656,1
DA:657,1
DA:658,1
DA:659,1
DA:660,1
DA:661,1
DA:662,1
DA:663,1
DA:664,1
DA:665,1
DA:666,1
DA:667,1
DA:668,1
DA:669,1
DA:670,1
DA:671,1
DA:672,1
DA:673,1
DA:674,1
DA:675,1
DA:676,1
DA:677,1
DA:678,1
DA:680,66
DA:681,66
DA:682,66
DA:683,266
DA:684,394
DA:686,66
DA:687,66
DA:688,66
DA:689,66
DA:692,66
DA:693,1
DA:703,9
DA:704,9
DA:705,9
DA:709,1
DA:710,1
DA:711,1
DA:712,1
DA:713,1
DA:714,1
DA:715,1
DA:716,3
DA:717,3
DA:718,9
DA:719,9
DA:722,1
DA:725,1
DA:726,1
DA:727,1
DA:728,1
DA:730,3
DA:731,3
DA:732,9
DA:733,9
DA:734,9
DA:739,1
DA:742,1
DA:743,1
DA:744,1
DA:745,1
DA:746,3
DA:747,3
DA:748,9
DA:749,9
DA:750,9
DA:755,1
DA:758,1
DA:759,1
DA:760,1
DA:761,1
DA:762,1
DA:763,1
DA:764,1
DA:765,1
DA:766,1
DA:767,1
DA:770,1
DA:771,1
DA:772,1
DA:773,1
DA:775,3
DA:776,9
DA:777,27
DA:778,27
DA:779,27
DA:780,27
DA:782,27
DA:783,27
DA:792,1
DA:795,1
DA:796,1
DA:797,1
DA:798,1
DA:800,3
DA:801,9
DA:802,27
DA:803,27
DA:804,27
DA:805,27
DA:807,27
DA:808,27
DA:817,1
DA:820,1
DA:821,1
DA:822,1
DA:823,1
DA:825,3
DA:826,9
DA:827,27
DA:828,27
DA:829,27
DA:830,27
DA:832,27
DA:833,27
DA:842,1
DA:845,1
DA:846,1
DA:847,3
DA:848,48
DA:849,48
DA:852,1
DA:855,1
DA:856,1
DA:857,3
DA:858,3
DA:860,1
BRF:0
BRH:0
LF:664
LH:662
end_of_record
SF:/Users/joonklaps/Desktop/School/PhD/git_repos/rapidtrees/src/io.rs
FN:502,_RNCNvNtNtCsfUaFiSwe4RK_10rapidtrees2io10load_testss_40test_rename_leaf_nodes_applies_translate0B7_
FN:515,_RNCNvNtNtCsfUaFiSwe4RK_10rapidtrees2io10load_testss_40test_rename_leaf_nodes_noop_on_empty_map0B7_
FN:133,_RINvNtCsfUaFiSwe4RK_10rapidtrees2io16write_matrix_tsvppEB4_
FN:400,_RNvNtNtCsfUaFiSwe4RK_10rapidtrees2io10load_tests9hiv2_path
FN:438,_RNvNtNtCsfUaFiSwe4RK_10rapidtrees2io10load_testss_28test_extract_name_state_zero
FN:454,_RNvNtNtCsfUaFiSwe4RK_10rapidtrees2io10load_testss_28test_parse_taxon_block_basic
FN:473,_RNvNtNtCsfUaFiSwe4RK_10rapidtrees2io10load_testss_30test_collect_tree_blocks_count
FN:431,_RNvNtNtCsfUaFiSwe4RK_10rapidtrees2io10load_testss_32test_extract_name_state_standard
FN:536,_RNvNtNtCsfUaFiSwe4RK_10rapidtrees2io10load_testss_35test_load_beast_raw_burnin_by_state
FN:560,_RNvNtNtCsfUaFiSwe4RK_10rapidtrees2io10load_testss_38test_load_beast_raw_strips_annotations
FN:480,_RNvNtNtCsfUaFiSwe4RK_10rapidtrees2io10load_testss_40test_collect_tree_blocks_header_and_body
FN:530,_RNvNtNtCsfUaFiSwe4RK_10rapidtrees2io10load_testss_40test_load_beast_raw_burnin_by_tree_count
FN:491,_RNvNtNtCsfUaFiSwe4RK_10rapidtrees2io10load_testss_40test_rename_leaf_nodes_applies_translate
FN:509,_RNvNtNtCsfUaFiSwe4RK_10rapidtrees2io10load_testss_40test_rename_leaf_nodes_noop_on_empty_map
FN:599,_RNvNtNtCsfUaFiSwe4RK_10rapidtrees2io10load_testss_42test_load_beast_trees_burnin_reduces_count
FN:591,_RNvNtNtCsfUaFiSwe4RK_10rapidtrees2io10load_testss_43test_load_beast_trees_returns_correct_count
FN:582,_RNvNtNtCsfUaFiSwe4RK_10rapidtrees2io10load_testss_45test_load_beast_raw_nonexistent_returns_empty
FN:419,_RNvNtNtCsfUaFiSwe4RK_10rapidtrees2io10load_testss_45test_strip_annotations_removes_leading_r_flag
FN:465,_RNvNtNtCsfUaFiSwe4RK_10rapidtrees2io10load_testss_46test_parse_taxon_block_empty_when_no_translate
FN:524,_RNvNtNtCsfUaFiSwe4RK_10rapidtrees2io10load_testss_47test_load_beast_raw_no_burnin_returns_all_trees
FN:544,_RNvNtNtCsfUaFiSwe4RK_10rapidtrees2io10load_testss_47test_load_beast_raw_use_real_taxa_populates_map
FN:606,_RNvNtNtCsfUaFiSwe4RK_10rapidtrees2io10load_testss_47test_load_beast_trees_nonexistent_returns_empty
FN:413,_RNvNtNtCsfUaFiSwe4RK_10rapidtrees2io10load_testss_47test_strip_annotations_passthrough_plain_newick
FN:407,_RNvNtNtCsfUaFiSwe4RK_10rapidtrees2io10load_testss_48test_strip_annotations_removes_bracketed_content
FN:554,_RNvNtNtCsfUaFiSwe4RK_10rapidtrees2io10load_testss_49test_load_beast_raw_use_real_taxa_false_empty_map
FN:571,_RNvNtNtCsfUaFiSwe4RK_10rapidtrees2io10load_testss_52test_load_beast_raw_tree_names_contain_filename_stem
FN:445,_RNvNtNtCsfUaFiSwe4RK_10rapidtrees2io10load_testss_54test_extract_name_state_no_state_keyword_returns_empty
FN:380,_RNvNtCsfUaFiSwe4RK_10rapidtrees2io17parse_taxon_block
FN:46,_RNvNtCsfUaFiSwe4RK_10rapidtrees2io17rename_leaf_nodes
FN:344,_RNvNtCsfUaFiSwe4RK_10rapidtrees2io18extract_name_state
FN:366,_RNvNtCsfUaFiSwe4RK_10rapidtrees2io19collect_tree_blocks
FN:24,_RNvNtCsfUaFiSwe4RK_10rapidtrees2io23strip_beast_annotations
FN:618,_RNvNtNtCsfUaFiSwe4RK_10rapidtrees2io5tests14make_snapshots
FN:653,_RNvNtNtCsfUaFiSwe4RK_10rapidtrees2io5testss_35test_snap_wrong_magic_returns_error
FN:630,_RNvNtNtCsfUaFiSwe4RK_10rapidtrees2io5testss_42test_snap_roundtrip_preserves_rf_distances
FN:204,_RINvNtCsfUaFiSwe4RK_10rapidtrees2io10write_snapRNtNtCsg55jX0GwzBC_3std4path4PathEB4_
FN:325,_RINvNtCsfUaFiSwe4RK_10rapidtrees2io13snap_read_u64INtNtNtNtCsg55jX0GwzBC_3std2io8buffered9bufreader9BufReaderINtNtNtCshjoFFtxepJ_6flate22gz4read9GzDecoderNtNtBV_2fs4FileEEEB4_
FN:61,_RINvNtCsfUaFiSwe4RK_10rapidtrees2io14load_beast_rawNtNtCsg55jX0GwzBC_3std4path7PathBufEB4_
FN:61,_RINvNtCsfUaFiSwe4RK_10rapidtrees2io14load_beast_rawRNtNtCsg55jX0GwzBC_3std4path7PathBufEB4_
FN:61,_RINvNtCsfUaFiSwe4RK_10rapidtrees2io14load_beast_rawRReEB4_
FN:61,_RINvNtCsfUaFiSwe4RK_10rapidtrees2io14load_beast_rawReEB4_
FN:251,_RINvNtCsfUaFiSwe4RK_10rapidtrees2io14load_snapshotsRNtNtCsg55jX0GwzBC_3std4path4PathEB4_
FN:111,_RINvNtCsfUaFiSwe4RK_10rapidtrees2io16load_beast_treesNtNtCsg55jX0GwzBC_3std4path7PathBufEB4_
FN:111,_RINvNtCsfUaFiSwe4RK_10rapidtrees2io16load_beast_treesReEB4_
FN:332,_RINvNtCsfUaFiSwe4RK_10rapidtrees2io17snap_read_stringsINtNtNtNtCsg55jX0GwzBC_3std2io8buffered9bufreader9BufReaderINtNtNtCshjoFFtxepJ_6flate22gz4read9GzDecoderNtNtBZ_2fs4FileEEEB4_
FN:210,_RNCINvNtCsfUaFiSwe4RK_10rapidtrees2io10write_snapRNtNtCsg55jX0GwzBC_3std4path4PathE0B6_
FN:78,_RNCINvNtCsfUaFiSwe4RK_10rapidtrees2io14load_beast_rawNtNtCsg55jX0GwzBC_3std4path7PathBufE0B6_
FN:92,_RNCINvNtCsfUaFiSwe4RK_10rapidtrees2io14load_beast_rawNtNtCsg55jX0GwzBC_3std4path7PathBufEs0_0B6_
FN:96,_RNCINvNtCsfUaFiSwe4RK_10rapidtrees2io14load_beast_rawNtNtCsg55jX0GwzBC_3std4path7PathBufEs1_0B6_
FN:101,_RNCINvNtCsfUaFiSwe4RK_10rapidtrees2io14load_beast_rawNtNtCsg55jX0GwzBC_3std4path7PathBufEs2_0B6_
FN:79,_RNCINvNtCsfUaFiSwe4RK_10rapidtrees2io14load_beast_rawNtNtCsg55jX0GwzBC_3std4path7PathBufEs_0B6_
FN:78,_RNCINvNtCsfUaFiSwe4RK_10rapidtrees2io14load_beast_rawRNtNtCsg55jX0GwzBC_3std4path7PathBufE0B6_
FN:92,_RNCINvNtCsfUaFiSwe4RK_10rapidtrees2io14load_beast_rawRNtNtCsg55jX0GwzBC_3std4path7PathBufEs0_0B6_
FN:96,_RNCINvNtCsfUaFiSwe4RK_10rapidtrees2io14load_beast_rawRNtNtCsg55jX0GwzBC_3std4path7PathBufEs1_0B6_
FN:101,_RNCINvNtCsfUaFiSwe4RK_10rapidtrees2io14load_beast_rawRNtNtCsg55jX0GwzBC_3std4path7PathBufEs2_0B6_
FN:79,_RNCINvNtCsfUaFiSwe4RK_10rapidtrees2io14load_beast_rawRNtNtCsg55jX0GwzBC_3std4path7PathBufEs_0B6_
FN:78,_RNCINvNtCsfUaFiSwe4RK_10rapidtrees2io14load_beast_rawRReE0B6_
FN:92,_RNCINvNtCsfUaFiSwe4RK_10rapidtrees2io14load_beast_rawRReEs0_0B6_
FN:96,_RNCINvNtCsfUaFiSwe4RK_10rapidtrees2io14load_beast_rawRReEs1_0B6_
FN:101,_RNCINvNtCsfUaFiSwe4RK_10rapidtrees2io14load_beast_rawRReEs2_0B6_
FN:79,_RNCINvNtCsfUaFiSwe4RK_10rapidtrees2io14load_beast_rawRReEs_0B6_
FN:78,_RNCINvNtCsfUaFiSwe4RK_10rapidtrees2io14load_beast_rawReE0B6_
FN:92,_RNCINvNtCsfUaFiSwe4RK_10rapidtrees2io14load_beast_rawReEs0_0B6_
FN:96,_RNCINvNtCsfUaFiSwe4RK_10rapidtrees2io14load_beast_rawReEs1_0B6_
FN:101,_RNCINvNtCsfUaFiSwe4RK_10rapidtrees2io14load_beast_rawReEs2_0B6_
FN:79,_RNCINvNtCsfUaFiSwe4RK_10rapidtrees2io14load_beast_rawReEs_0B6_
FN:282,_RNCINvNtCsfUaFiSwe4RK_10rapidtrees2io14load_snapshotsRNtNtCsg55jX0GwzBC_3std4path4PathE0B6_
FN:302,_RNCINvNtCsfUaFiSwe4RK_10rapidtrees2io14load_snapshotsRNtNtCsg55jX0GwzBC_3std4path4PathEs0_0B6_
FN:296,_RNCINvNtCsfUaFiSwe4RK_10rapidtrees2io14load_snapshotsRNtNtCsg55jX0GwzBC_3std4path4PathEs_0B6_
FN:121,_RNCINvNtCsfUaFiSwe4RK_10rapidtrees2io16load_beast_treesNtNtCsg55jX0GwzBC_3std4path7PathBufE0B6_
FN:121,_RNCINvNtCsfUaFiSwe4RK_10rapidtrees2io16load_beast_treesReE0B6_
FN:334,_RNCINvNtCsfUaFiSwe4RK_10rapidtrees2io17snap_read_stringsINtNtNtNtCsg55jX0GwzBC_3std2io8buffered9bufreader9BufReaderINtNtNtCshjoFFtxepJ_6flate22gz4read9GzDecoderNtNtB11_2fs4FileEEE0B6_
FN:284,_RNCNCINvNtCsfUaFiSwe4RK_10rapidtrees2io14load_snapshotsRNtNtCsg55jX0GwzBC_3std4path4PathE00B8_
FN:304,_RNCNCINvNtCsfUaFiSwe4RK_10rapidtrees2io14load_snapshotsRNtNtCsg55jX0GwzBC_3std4path4PathEs0_00B8_
FN:305,_RNCNCINvNtCsfUaFiSwe4RK_10rapidtrees2io14load_snapshotsRNtNtCsg55jX0GwzBC_3std4path4PathEs0_0s_0B8_
FN:339,_RNCNCINvNtCsfUaFiSwe4RK_10rapidtrees2io17snap_read_stringsINtNtNtNtCsg55jX0GwzBC_3std2io8buffered9bufreader9BufReaderINtNtNtCshjoFFtxepJ_6flate22gz4read9GzDecoderNtNtB13_2fs4FileEEE00B8_
FN:383,_RNCNvNtCsfUaFiSwe4RK_10rapidtrees2io17parse_taxon_block0B5_
FN:386,_RNCNvNtCsfUaFiSwe4RK_10rapidtrees2io17parse_taxon_blocks0_0B5_
FN:385,_RNCNvNtCsfUaFiSwe4RK_10rapidtrees2io17parse_taxon_blocks_0B5_
FN:52,_RNCNvNtCsfUaFiSwe4RK_10rapidtrees2io17rename_leaf_nodes0B5_
FN:352,_RNCNvNtCsfUaFiSwe4RK_10rapidtrees2io18extract_name_state0B5_
FN:369,_RNCNvNtCsfUaFiSwe4RK_10rapidtrees2io19collect_tree_blocks0B5_
FN:371,_RNCNvNtCsfUaFiSwe4RK_10rapidtrees2io19collect_tree_blockss0_0B5_
FN:370,_RNCNvNtCsfUaFiSwe4RK_10rapidtrees2io19collect_tree_blockss_0B5_
FNDA:2,_RNCNvNtNtCsfUaFiSwe4RK_10rapidtrees2io10load_testss_40test_rename_leaf_nodes_applies_translate0B7_
FNDA:2,_RNCNvNtNtCsfUaFiSwe4RK_10rapidtrees2io10load_testss_40test_rename_leaf_nodes_noop_on_empty_map0B7_
FNDA:0,_RINvNtCsfUaFiSwe4RK_10rapidtrees2io16write_matrix_tsvppEB4_
FNDA:9,_RNvNtNtCsfUaFiSwe4RK_10rapidtrees2io10load_tests9hiv2_path
FNDA:1,_RNvNtNtCsfUaFiSwe4RK_10rapidtrees2io10load_testss_28test_extract_name_state_zero
FNDA:1,_RNvNtNtCsfUaFiSwe4RK_10rapidtrees2io10load_testss_28test_parse_taxon_block_basic
FNDA:1,_RNvNtNtCsfUaFiSwe4RK_10rapidtrees2io10load_testss_30test_collect_tree_blocks_count
FNDA:1,_RNvNtNtCsfUaFiSwe4RK_10rapidtrees2io10load_testss_32test_extract_name_state_standard
FNDA:1,_RNvNtNtCsfUaFiSwe4RK_10rapidtrees2io10load_testss_35test_load_beast_raw_burnin_by_state
FNDA:1,_RNvNtNtCsfUaFiSwe4RK_10rapidtrees2io10load_testss_38test_load_beast_raw_strips_annotations
FNDA:1,_RNvNtNtCsfUaFiSwe4RK_10rapidtrees2io10load_testss_40test_collect_tree_blocks_header_and_body
FNDA:1,_RNvNtNtCsfUaFiSwe4RK_10rapidtrees2io10load_testss_40test_load_beast_raw_burnin_by_tree_count
FNDA:1,_RNvNtNtCsfUaFiSwe4RK_10rapidtrees2io10load_testss_40test_rename_leaf_nodes_applies_translate
FNDA:1,_RNvNtNtCsfUaFiSwe4RK_10rapidtrees2io10load_testss_40test_rename_leaf_nodes_noop_on_empty_map
FNDA:1,_RNvNtNtCsfUaFiSwe4RK_10rapidtrees2io10load_testss_42test_load_beast_trees_burnin_reduces_count
FNDA:1,_RNvNtNtCsfUaFiSwe4RK_10rapidtrees2io10load_testss_43test_load_beast_trees_returns_correct_count
FNDA:1,_RNvNtNtCsfUaFiSwe4RK_10rapidtrees2io10load_testss_45test_load_beast_raw_nonexistent_returns_empty
FNDA:1,_RNvNtNtCsfUaFiSwe4RK_10rapidtrees2io10load_testss_45test_strip_annotations_removes_leading_r_flag
FNDA:1,_RNvNtNtCsfUaFiSwe4RK_10rapidtrees2io10load_testss_46test_parse_taxon_block_empty_when_no_translate
FNDA:1,_RNvNtNtCsfUaFiSwe4RK_10rapidtrees2io10load_testss_47test_load_beast_raw_no_burnin_returns_all_trees
FNDA:1,_RNvNtNtCsfUaFiSwe4RK_10rapidtrees2io10load_testss_47test_load_beast_raw_use_real_taxa_populates_map
FNDA:1,_RNvNtNtCsfUaFiSwe4RK_10rapidtrees2io10load_testss_47test_load_beast_trees_nonexistent_returns_empty
FNDA:1,_RNvNtNtCsfUaFiSwe4RK_10rapidtrees2io10load_testss_47test_strip_annotations_passthrough_plain_newick
FNDA:1,_RNvNtNtCsfUaFiSwe4RK_10rapidtrees2io10load_testss_48test_strip_annotations_removes_bracketed_content
FNDA:1,_RNvNtNtCsfUaFiSwe4RK_10rapidtrees2io10load_testss_49test_load_beast_raw_use_real_taxa_false_empty_map
FNDA:1,_RNvNtNtCsfUaFiSwe4RK_10rapidtrees2io10load_testss_52test_load_beast_raw_tree_names_contain_filename_stem
FNDA:1,_RNvNtNtCsfUaFiSwe4RK_10rapidtrees2io10load_testss_54test_extract_name_state_no_state_keyword_returns_empty
FNDA:11,_RNvNtCsfUaFiSwe4RK_10rapidtrees2io17parse_taxon_block
FNDA:145,_RNvNtCsfUaFiSwe4RK_10rapidtrees2io17rename_leaf_nodes
FNDA:192,_RNvNtCsfUaFiSwe4RK_10rapidtrees2io18extract_name_state
FNDA:11,_RNvNtCsfUaFiSwe4RK_10rapidtrees2io19collect_tree_blocks
FNDA:319,_RNvNtCsfUaFiSwe4RK_10rapidtrees2io23strip_beast_annotations
FNDA:1,_RNvNtNtCsfUaFiSwe4RK_10rapidtrees2io5tests14make_snapshots
FNDA:1,_RNvNtNtCsfUaFiSwe4RK_10rapidtrees2io5testss_35test_snap_wrong_magic_returns_error
FNDA:1,_RNvNtNtCsfUaFiSwe4RK_10rapidtrees2io5testss_42test_snap_roundtrip_preserves_rf_distances
FNDA:1,_RINvNtCsfUaFiSwe4RK_10rapidtrees2io10write_snapRNtNtCsg55jX0GwzBC_3std4path4PathEB4_
FNDA:11,_RINvNtCsfUaFiSwe4RK_10rapidtrees2io13snap_read_u64INtNtNtNtCsg55jX0GwzBC_3std2io8buffered9bufreader9BufReaderINtNtNtCshjoFFtxepJ_6flate22gz4read9GzDecoderNtNtBV_2fs4FileEEEB4_
FNDA:7,_RINvNtCsfUaFiSwe4RK_10rapidtrees2io14load_beast_rawNtNtCsg55jX0GwzBC_3std4path7PathBufEB4_
FNDA:2,_RINvNtCsfUaFiSwe4RK_10rapidtrees2io14load_beast_rawRNtNtCsg55jX0GwzBC_3std4path7PathBufEB4_
FNDA:1,_RINvNtCsfUaFiSwe4RK_10rapidtrees2io14load_beast_rawRReEB4_
FNDA:2,_RINvNtCsfUaFiSwe4RK_10rapidtrees2io14load_beast_rawReEB4_
FNDA:2,_RINvNtCsfUaFiSwe4RK_10rapidtrees2io14load_snapshotsRNtNtCsg55jX0GwzBC_3std4path4PathEB4_
FNDA:2,_RINvNtCsfUaFiSwe4RK_10rapidtrees2io16load_beast_treesNtNtCsg55jX0GwzBC_3std4path7PathBufEB4_
FNDA:1,_RINvNtCsfUaFiSwe4RK_10rapidtrees2io16load_beast_treesReEB4_
FNDA:2,_RINvNtCsfUaFiSwe4RK_10rapidtrees2io17snap_read_stringsINtNtNtNtCsg55jX0GwzBC_3std2io8buffered9bufreader9BufReaderINtNtNtCshjoFFtxepJ_6flate22gz4read9GzDecoderNtNtBZ_2fs4FileEEEB4_
FNDA:10,_RNCINvNtCsfUaFiSwe4RK_10rapidtrees2io10write_snapRNtNtCsg55jX0GwzBC_3std4path4PathE0B6_
FNDA:7,_RNCINvNtCsfUaFiSwe4RK_10rapidtrees2io14load_beast_rawNtNtCsg55jX0GwzBC_3std4path7PathBufE0B6_
FNDA:147,_RNCINvNtCsfUaFiSwe4RK_10rapidtrees2io14load_beast_rawNtNtCsg55jX0GwzBC_3std4path7PathBufEs0_0B6_
FNDA:147,_RNCINvNtCsfUaFiSwe4RK_10rapidtrees2io14load_beast_rawNtNtCsg55jX0GwzBC_3std4path7PathBufEs1_0B6_
FNDA:136,_RNCINvNtCsfUaFiSwe4RK_10rapidtrees2io14load_beast_rawNtNtCsg55jX0GwzBC_3std4path7PathBufEs2_0B6_
FNDA:7,_RNCINvNtCsfUaFiSwe4RK_10rapidtrees2io14load_beast_rawNtNtCsg55jX0GwzBC_3std4path7PathBufEs_0B6_
FNDA:2,_RNCINvNtCsfUaFiSwe4RK_10rapidtrees2io14load_beast_rawRNtNtCsg55jX0GwzBC_3std4path7PathBufE0B6_
FNDA:42,_RNCINvNtCsfUaFiSwe4RK_10rapidtrees2io14load_beast_rawRNtNtCsg55jX0GwzBC_3std4path7PathBufEs0_0B6_
FNDA:42,_RNCINvNtCsfUaFiSwe4RK_10rapidtrees2io14load_beast_rawRNtNtCsg55jX0GwzBC_3std4path7PathBufEs1_0B6_
FNDA:37,_RNCINvNtCsfUaFiSwe4RK_10rapidtrees2io14load_beast_rawRNtNtCsg55jX0GwzBC_3std4path7PathBufEs2_0B6_
FNDA:2,_RNCINvNtCsfUaFiSwe4RK_10rapidtrees2io14load_beast_rawRNtNtCsg55jX0GwzBC_3std4path7PathBufEs_0B6_
FNDA:0,_RNCINvNtCsfUaFiSwe4RK_10rapidtrees2io14load_beast_rawRReE0B6_
FNDA:0,_RNCINvNtCsfUaFiSwe4RK_10rapidtrees2io14load_beast_rawRReEs0_0B6_
FNDA:0,_RNCINvNtCsfUaFiSwe4RK_10rapidtrees2io14load_beast_rawRReEs1_0B6_
FNDA:0,_RNCINvNtCsfUaFiSwe4RK_10rapidtrees2io14load_beast_rawRReEs2_0B6_
FNDA:0,_RNCINvNtCsfUaFiSwe4RK_10rapidtrees2io14load_beast_rawRReEs_0B6_
FNDA:0,_RNCINvNtCsfUaFiSwe4RK_10rapidtrees2io14load_beast_rawReE0B6_
FNDA:0,_RNCINvNtCsfUaFiSwe4RK_10rapidtrees2io14load_beast_rawReEs0_0B6_
FNDA:0,_RNCINvNtCsfUaFiSwe4RK_10rapidtrees2io14load_beast_rawReEs1_0B6_
FNDA:0,_RNCINvNtCsfUaFiSwe4RK_10rapidtrees2io14load_beast_rawReEs2_0B6_
FNDA:0,_RNCINvNtCsfUaFiSwe4RK_10rapidtrees2io14load_beast_rawReEs_0B6_
FNDA:7,_RNCINvNtCsfUaFiSwe4RK_10rapidtrees2io14load_snapshotsRNtNtCsg55jX0GwzBC_3std4path4PathE0B6_
FNDA:3,_RNCINvNtCsfUaFiSwe4RK_10rapidtrees2io14load_snapshotsRNtNtCsg55jX0GwzBC_3std4path4PathEs0_0B6_
FNDA:7,_RNCINvNtCsfUaFiSwe4RK_10rapidtrees2io14load_snapshotsRNtNtCsg55jX0GwzBC_3std4path4PathEs_0B6_
FNDA:37,_RNCINvNtCsfUaFiSwe4RK_10rapidtrees2io16load_beast_treesNtNtCsg55jX0GwzBC_3std4path7PathBufE0B6_
FNDA:0,_RNCINvNtCsfUaFiSwe4RK_10rapidtrees2io16load_beast_treesReE0B6_
FNDA:7,_RNCINvNtCsfUaFiSwe4RK_10rapidtrees2io17snap_read_stringsINtNtNtNtCsg55jX0GwzBC_3std2io8buffered9bufreader9BufReaderINtNtNtCshjoFFtxepJ_6flate22gz4read9GzDecoderNtNtB11_2fs4FileEEE0B6_
FNDA:7,_RNCNCINvNtCsfUaFiSwe4RK_10rapidtrees2io14load_snapshotsRNtNtCsg55jX0GwzBC_3std4path4PathE00B8_
FNDA:21,_RNCNCINvNtCsfUaFiSwe4RK_10rapidtrees2io14load_snapshotsRNtNtCsg55jX0GwzBC_3std4path4PathEs0_00B8_
FNDA:15,_RNCNCINvNtCsfUaFiSwe4RK_10rapidtrees2io14load_snapshotsRNtNtCsg55jX0GwzBC_3std4path4PathEs0_0s_0B8_
FNDA:0,_RNCNCINvNtCsfUaFiSwe4RK_10rapidtrees2io17snap_read_stringsINtNtNtNtCsg55jX0GwzBC_3std2io8buffered9bufreader9BufReaderINtNtNtCshjoFFtxepJ_6flate22gz4read9GzDecoderNtNtB13_2fs4FileEEE00B8_
FNDA:1563,_RNCNvNtCsfUaFiSwe4RK_10rapidtrees2io17parse_taxon_block0B5_
FNDA:1461,_RNCNvNtCsfUaFiSwe4RK_10rapidtrees2io17parse_taxon_blocks0_0B5_
FNDA:1471,_RNCNvNtCsfUaFiSwe4RK_10rapidtrees2io17parse_taxon_blocks_0B5_
FNDA:10,_RNCNvNtCsfUaFiSwe4RK_10rapidtrees2io17rename_leaf_nodes0B5_
FNDA:1205,_RNCNvNtCsfUaFiSwe4RK_10rapidtrees2io18extract_name_state0B5_
FNDA:3037,_RNCNvNtCsfUaFiSwe4RK_10rapidtrees2io19collect_tree_blocks0B5_
FNDA:192,_RNCNvNtCsfUaFiSwe4RK_10rapidtrees2io19collect_tree_blockss0_0B5_
FNDA:203,_RNCNvNtCsfUaFiSwe4RK_10rapidtrees2io19collect_tree_blockss_0B5_
FNF:64
FNH:62
DA:24,319
DA:25,319
DA:26,319
DA:27,319
DA:29,3012732
DA:30,3012413
DA:31,55882
DA:32,2956531
DA:33,55882
DA:34,2900649
DA:35,1442981
DA:36,1457668
DA:39,319
DA:40,319
DA:46,145
DA:47,145
DA:48,142
DA:49,3
DA:50,10
DA:51,10
DA:52,10
DA:53,0
DA:55,145
DA:61,12
DA:62,12
DA:63,12
DA:64,12
DA:65,12
DA:66,12
DA:67,12
DA:68,9
DA:69,3
DA:70,3
DA:71,3
DA:75,9
DA:76,9
DA:77,9
DA:78,9
DA:79,9
DA:80,9
DA:82,9
DA:83,9
DA:84,1
DA:86,8
DA:89,9
DA:90,9
DA:91,9
DA:92,189
DA:93,189
DA:94,189
DA:95,189
DA:96,189
DA:97,189
DA:98,63
DA:99,31
DA:100,189
DA:101,173
DA:102,9
DA:104,9
DA:105,12
DA:111,3
DA:112,3
DA:113,3
DA:114,3
DA:115,3
DA:116,3
DA:117,3
DA:118,3
DA:119,3
DA:120,3
DA:121,37
DA:122,3
DA:123,3
DA:124,0
DA:125,0
DA:126,0
DA:129,3
DA:133,0
DA:134,0
DA:135,0
DA:136,0
DA:137,0
DA:138,0
DA:142,0
DA:143,0
DA:144,0
DA:145,0
DA:146,0
DA:147,0
DA:148,0
DA:150,0
DA:152,0
DA:153,0
DA:154,0
DA:155,0
DA:157,0
DA:160,0
DA:161,0
DA:162,0
DA:163,0
DA:164,0
DA:165,0
DA:167,0
DA:169,0
DA:170,0
DA:171,0
DA:172,0
DA:174,0
DA:177,0
DA:178,0
DA:179,0
DA:204,1
DA:205,1
DA:206,1
DA:207,1
DA:208,1
DA:209,1
DA:210,10
DA:212,1
DA:213,1
DA:214,1
DA:215,1
DA:217,1
DA:219,1
DA:220,1
DA:221,1
DA:222,1
DA:223,1
DA:224,1
DA:225,1
DA:227,7
DA:228,7
DA:229,7
DA:230,7
DA:233,7
DA:234,7
DA:235,7
DA:239,1
DA:240,1
DA:241,1
DA:242,1
DA:251,2
DA:252,2
DA:253,2
DA:255,2
DA:256,2
DA:257,1
DA:258,0
DA:259,0
DA:260,0
DA:261,0
DA:262,1
DA:264,1
DA:265,1
DA:266,1
DA:267,0
DA:268,0
DA:269,0
DA:270,0
DA:271,1
DA:273,1
DA:274,1
DA:275,1
DA:276,1
DA:278,1
DA:279,1
DA:281,1
DA:282,7
DA:283,7
DA:284,7
DA:285,7
DA:286,7
DA:287,7
DA:288,1
DA:290,1
DA:291,1
DA:293,1
DA:294,1
DA:295,1
DA:296,7
DA:297,1
DA:299,1
DA:300,1
DA:301,1
DA:302,3
DA:303,3
DA:304,21
DA:305,15
DA:306,3
DA:307,3
DA:308,3
DA:309,3
DA:310,1
DA:312,1
DA:313,1
DA:314,1
DA:315,1
DA:316,1
DA:317,1
DA:318,1
DA:320,1
DA:321,2
DA:325,11
DA:326,11
DA:327,11
DA:328,11
DA:329,11
DA:332,2
DA:333,2
DA:334,7
DA:335,7
DA:336,7
DA:337,7
DA:338,7
DA:339,7
DA:340,7
DA:341,2
DA:342,2
DA:344,192
DA:345,192
DA:346,192
DA:347,191
DA:349,191
DA:350,191
DA:351,191
DA:352,1205
DA:353,191
DA:354,191
DA:355,191
DA:356,0
DA:357,1
DA:358,1
DA:359,192
DA:366,11
DA:367,11
DA:368,11
DA:369,3037
DA:370,203
DA:371,192
DA:372,192
DA:373,192
DA:374,192
DA:375,192
DA:376,192
DA:377,11
DA:378,11
DA:380,11
DA:381,11
DA:382,11
DA:383,1563
DA:384,11
DA:385,1471
DA:386,1461
DA:387,1461
DA:388,1461
DA:389,1461
DA:390,1461
DA:391,1461
DA:392,1461
DA:393,11
DA:394,11
DA:400,9
DA:401,9
DA:402,9
DA:407,1
DA:408,1
DA:409,1
DA:410,1
DA:413,1
DA:414,1
DA:415,1
DA:416,1
DA:419,1
DA:421,1
DA:422,1
DA:423,1
DA:426,1
DA:431,1
DA:432,1
DA:433,1
DA:434,1
DA:435,1
DA:438,1
DA:439,1
DA:440,1
DA:441,1
DA:442,1
DA:445,1
DA:446,1
DA:447,1
DA:448,1
DA:449,1
DA:454,1
DA:455,1
DA:456,1
DA:457,1
DA:458,1
DA:459,1
DA:460,1
DA:461,1
DA:462,1
DA:465,1
DA:466,1
DA:467,1
DA:468,1
DA:473,1
DA:474,1
DA:475,1
DA:476,1
DA:477,1
DA:480,1
DA:481,1
DA:482,1
DA:483,1
DA:484,1
DA:485,1
DA:486,1
DA:491,1
DA:492,1
DA:493,1
DA:494,1
DA:495,1
DA:496,1
DA:497,1
DA:498,1
DA:499,1
DA:500,1
DA:501,1
DA:502,2
DA:503,1
DA:504,1
DA:505,1
DA:506,1
DA:509,1
DA:510,1
DA:511,1
DA:512,1
DA:513,1
DA:514,1
DA:515,2
DA:516,1
DA:517,1
DA:518,1
DA:519,1
DA:524,1
DA:525,1
DA:526,1
DA:527,1
DA:530,1
DA:531,1
DA:532,1
DA:533,1
DA:536,1
DA:539,1
DA:540,1
DA:541,1
DA:544,1
DA:545,1
DA:546,1
DA:547,1
DA:548,1
DA:551,1
DA:554,1
DA:555,1
DA:556,1
DA:557,1
DA:560,1
DA:561,1
DA:562,21
DA:563,21
DA:564,21
DA:568,1
DA:571,1
DA:572,1
DA:573,21
DA:574,21
DA:575,21
DA:579,1
DA:582,1
DA:583,1
DA:584,1
DA:585,1
DA:586,1
DA:591,1
DA:592,1
DA:593,1
DA:594,1
DA:595,1
DA:596,1
DA:599,1
DA:600,1
DA:601,1
DA:602,1
DA:603,1
DA:606,1
DA:607,1
DA:608,1
DA:609,1
DA:610,1
DA:618,1
DA:619,1
DA:620,1
DA:621,1
DA:622,1
DA:623,1
DA:624,1
DA:625,1
DA:626,1
DA:627,1
DA:630,1
DA:631,1
DA:632,1
DA:634,1
DA:635,1
DA:637,1
DA:639,1
DA:643,1
DA:645,1
DA:646,1
DA:650,1
DA:653,1
DA:655,1
DA:656,1
DA:657,1
DA:658,1
BRF:0
BRH:0
LF:450
LH:399
end_of_record
SF:/Users/joonklaps/Desktop/School/PhD/git_repos/rapidtrees/src/progress.rs
FN:217,_RNCNvNtNtCsfUaFiSwe4RK_10rapidtrees8progress5tests18small_snapshot_set0B7_
FN:125,_RINvNtCsfUaFiSwe4RK_10rapidtrees8progress12with_counterINtNtCs1OjIl8oxbrv_5alloc3vec3VecdENCNvNtB4_3api28pairwise_kf_from_newick_iter0EB4_
FN:125,_RINvNtCsfUaFiSwe4RK_10rapidtrees8progress12with_counterINtNtCs1OjIl8oxbrv_5alloc3vec3VecdENCNvNtB4_3api29pairwise_wrf_from_newick_iter0EB4_
FN:125,_RINvNtCsfUaFiSwe4RK_10rapidtrees8progress12with_counterINtNtCs1OjIl8oxbrv_5alloc3vec3VecdENCNvNtB4_3api43pairwise_kf_with_snapshots_from_newick_iter0EB4_
FN:125,_RINvNtCsfUaFiSwe4RK_10rapidtrees8progress12with_counterINtNtCs1OjIl8oxbrv_5alloc3vec3VecdENCNvNtB4_3api44pairwise_wrf_with_snapshots_from_newick_iter0EB4_
FN:125,_RINvNtCsfUaFiSwe4RK_10rapidtrees8progress12with_counterINtNtCs1OjIl8oxbrv_5alloc3vec3VecjENCNvNtB4_3api28pairwise_rf_from_newick_iter0EB4_
FN:125,_RINvNtCsfUaFiSwe4RK_10rapidtrees8progress12with_counterINtNtCs1OjIl8oxbrv_5alloc3vec3VecjENCNvNtB4_3api43pairwise_rf_with_snapshots_from_newick_iter0EB4_
FN:148,_RNCINvNtCsfUaFiSwe4RK_10rapidtrees8progress12with_counterINtNtCs1OjIl8oxbrv_5alloc3vec3VecdENCNvNtB6_3api28pairwise_kf_from_newick_iter0E0B6_
FN:148,_RNCINvNtCsfUaFiSwe4RK_10rapidtrees8progress12with_counterINtNtCs1OjIl8oxbrv_5alloc3vec3VecdENCNvNtB6_3api29pairwise_wrf_from_newick_iter0E0B6_
FN:148,_RNCINvNtCsfUaFiSwe4RK_10rapidtrees8progress12with_counterINtNtCs1OjIl8oxbrv_5alloc3vec3VecdENCNvNtB6_3api43pairwise_kf_with_snapshots_from_newick_iter0E0B6_
FN:148,_RNCINvNtCsfUaFiSwe4RK_10rapidtrees8progress12with_counterINtNtCs1OjIl8oxbrv_5alloc3vec3VecdENCNvNtB6_3api44pairwise_wrf_with_snapshots_from_newick_iter0E0B6_
FN:148,_RNCINvNtCsfUaFiSwe4RK_10rapidtrees8progress12with_counterINtNtCs1OjIl8oxbrv_5alloc3vec3VecjENCNvNtB6_3api28pairwise_rf_from_newick_iter0E0B6_
FN:148,_RNCINvNtCsfUaFiSwe4RK_10rapidtrees8progress12with_counterINtNtCs1OjIl8oxbrv_5alloc3vec3VecjENCNvNtB6_3api43pairwise_rf_with_snapshots_from_newick_iter0E0B6_
FN:204,_RNvNtNtCsfUaFiSwe4RK_10rapidtrees8progress5tests18small_snapshot_set
FN:190,_RNvNtNtCsfUaFiSwe4RK_10rapidtrees8progress5testss_18frac_done_midpoint
FN:184,_RNvNtNtCsfUaFiSwe4RK_10rapidtrees8progress5testss_19frac_done_endpoints
FN:196,_RNvNtNtCsfUaFiSwe4RK_10rapidtrees8progress5testss_26frac_done_clamps_overshoot
FN:222,_RNvNtNtCsfUaFiSwe4RK_10rapidtrees8progress5testss_27counter_reaches_total_pairs
FN:176,_RNvNtNtCsfUaFiSwe4RK_10rapidtrees8progress5testss_28frac_done_zero_total_is_zero
FN:298,_RNvNtNtCsfUaFiSwe4RK_10rapidtrees8progress5testss_28progress_counter_new_is_zero
FN:236,_RNvNtNtCsfUaFiSwe4RK_10rapidtrees8progress5testss_33counter_none_matches_default_path
FN:342,_RNvNtNtCsfUaFiSwe4RK_10rapidtrees8progress5testss_36progress_counter_arc_value_is_shared
FN:332,_RNvNtNtCsfUaFiSwe4RK_10rapidtrees8progress5testss_41progress_counter_reset_clears_both_fields
FN:317,_RNvNtNtCsfUaFiSwe4RK_10rapidtrees8progress5testss_49progress_counter_fraction_endpoints_and_overshoot
FN:306,_RNvNtNtCsfUaFiSwe4RK_10rapidtrees8progress5testss_50progress_counter_begin_sets_total_and_resets_value
FN:282,_RNvNtNtCsfUaFiSwe4RK_10rapidtrees8progress5testss_52pairwise_kf_counted_matches_uncounted_and_increments
FN:252,_RNvNtNtCsfUaFiSwe4RK_10rapidtrees8progress5testss_52pairwise_rf_counted_matches_uncounted_and_increments
FN:269,_RNvNtNtCsfUaFiSwe4RK_10rapidtrees8progress5testss_53pairwise_wrf_counted_matches_uncounted_and_increments
FN:94,_RNvMNtCsfUaFiSwe4RK_10rapidtrees8progressNtB2_15ProgressCounter5begin
FN:89,_RNvMNtCsfUaFiSwe4RK_10rapidtrees8progressNtB2_15ProgressCounter9arc_value
FN:45,_RNvMs9_NtCsfUaFiSwe4RK_10rapidtrees8progressNtB5_15ProgressCounter3new
FN:72,_RNvMs9_NtCsfUaFiSwe4RK_10rapidtrees8progressNtB5_15ProgressCounter5reset
FN:59,_RNvMs9_NtCsfUaFiSwe4RK_10rapidtrees8progressNtB5_15ProgressCounter5total
FN:53,_RNvMs9_NtCsfUaFiSwe4RK_10rapidtrees8progressNtB5_15ProgressCounter5value
FN:77,_RNvMs9_NtCsfUaFiSwe4RK_10rapidtrees8progressNtB5_15ProgressCounter8___repr__
FN:65,_RNvMs9_NtCsfUaFiSwe4RK_10rapidtrees8progressNtB5_15ProgressCounter8fraction
FN:41,_RNvMsb_NtCsfUaFiSwe4RK_10rapidtrees8progressNtB5_15ProgressCounter18___pymethod_reset__
FN:41,_RNvMsb_NtCsfUaFiSwe4RK_10rapidtrees8progressNtB5_15ProgressCounter18___pymethod_total__
FN:41,_RNvMsb_NtCsfUaFiSwe4RK_10rapidtrees8progressNtB5_15ProgressCounter18___pymethod_value__
FN:41,_RNvMsb_NtCsfUaFiSwe4RK_10rapidtrees8progressNtB5_15ProgressCounter21___pymethod___repr____
FN:41,_RNvMsb_NtCsfUaFiSwe4RK_10rapidtrees8progressNtB5_15ProgressCounter21___pymethod_fraction__
FN:106,_RNvNtCsfUaFiSwe4RK_10rapidtrees8progress9frac_doneB3_
FNDA:30,_RNCNvNtNtCsfUaFiSwe4RK_10rapidtrees8progress5tests18small_snapshot_set0B7_
FNDA:1,_RINvNtCsfUaFiSwe4RK_10rapidtrees8progress12with_counterINtNtCs1OjIl8oxbrv_5alloc3vec3VecdENCNvNtB4_3api28pairwise_kf_from_newick_iter0EB4_
FNDA:1,_RINvNtCsfUaFiSwe4RK_10rapidtrees8progress12with_counterINtNtCs1OjIl8oxbrv_5alloc3vec3VecdENCNvNtB4_3api29pairwise_wrf_from_newick_iter0EB4_
FNDA:1,_RINvNtCsfUaFiSwe4RK_10rapidtrees8progress12with_counterINtNtCs1OjIl8oxbrv_5alloc3vec3VecdENCNvNtB4_3api43pairwise_kf_with_snapshots_from_newick_iter0EB4_
FNDA:1,_RINvNtCsfUaFiSwe4RK_10rapidtrees8progress12with_counterINtNtCs1OjIl8oxbrv_5alloc3vec3VecdENCNvNtB4_3api44pairwise_wrf_with_snapshots_from_newick_iter0EB4_
FNDA:3,_RINvNtCsfUaFiSwe4RK_10rapidtrees8progress12with_counterINtNtCs1OjIl8oxbrv_5alloc3vec3VecjENCNvNtB4_3api28pairwise_rf_from_newick_iter0EB4_
FNDA:1,_RINvNtCsfUaFiSwe4RK_10rapidtrees8progress12with_counterINtNtCs1OjIl8oxbrv_5alloc3vec3VecjENCNvNtB4_3api43pairwise_rf_with_snapshots_from_newick_iter0EB4_
FNDA:1,_RNCINvNtCsfUaFiSwe4RK_10rapidtrees8progress12with_counterINtNtCs1OjIl8oxbrv_5alloc3vec3VecdENCNvNtB6_3api28pairwise_kf_from_newick_iter0E0B6_
FNDA:1,_RNCINvNtCsfUaFiSwe4RK_10rapidtrees8progress12with_counterINtNtCs1OjIl8oxbrv_5alloc3vec3VecdENCNvNtB6_3api29pairwise_wrf_from_newick_iter0E0B6_
FNDA:1,_RNCINvNtCsfUaFiSwe4RK_10rapidtrees8progress12with_counterINtNtCs1OjIl8oxbrv_5alloc3vec3VecdENCNvNtB6_3api43pairwise_kf_with_snapshots_from_newick_iter0E0B6_
FNDA:1,_RNCINvNtCsfUaFiSwe4RK_10rapidtrees8progress12with_counterINtNtCs1OjIl8oxbrv_5alloc3vec3VecdENCNvNtB6_3api44pairwise_wrf_with_snapshots_from_newick_iter0E0B6_
FNDA:2,_RNCINvNtCsfUaFiSwe4RK_10rapidtrees8progress12with_counterINtNtCs1OjIl8oxbrv_5alloc3vec3VecjENCNvNtB6_3api28pairwise_rf_from_newick_iter0E0B6_
FNDA:1,_RNCINvNtCsfUaFiSwe4RK_10rapidtrees8progress12with_counterINtNtCs1OjIl8oxbrv_5alloc3vec3VecjENCNvNtB6_3api43pairwise_rf_with_snapshots_from_newick_iter0E0B6_
FNDA:5,_RNvNtNtCsfUaFiSwe4RK_10rapidtrees8progress5tests18small_snapshot_set
FNDA:1,_RNvNtNtCsfUaFiSwe4RK_10rapidtrees8progress5testss_18frac_done_midpoint
FNDA:1,_RNvNtNtCsfUaFiSwe4RK_10rapidtrees8progress5testss_19frac_done_endpoints
FNDA:1,_RNvNtNtCsfUaFiSwe4RK_10rapidtrees8progress5testss_26frac_done_clamps_overshoot
FNDA:1,_RNvNtNtCsfUaFiSwe4RK_10rapidtrees8progress5testss_27counter_reaches_total_pairs
FNDA:1,_RNvNtNtCsfUaFiSwe4RK_10rapidtrees8progress5testss_28frac_done_zero_total_is_zero
FNDA:1,_RNvNtNtCsfUaFiSwe4RK_10rapidtrees8progress5testss_28progress_counter_new_is_zero
FNDA:1,_RNvNtNtCsfUaFiSwe4RK_10rapidtrees8progress5testss_33counter_none_matches_default_path
FNDA:1,_RNvNtNtCsfUaFiSwe4RK_10rapidtrees8progress5testss_36progress_counter_arc_value_is_shared
FNDA:1,_RNvNtNtCsfUaFiSwe4RK_10rapidtrees8progress5testss_41progress_counter_reset_clears_both_fields
FNDA:1,_RNvNtNtCsfUaFiSwe4RK_10rapidtrees8progress5testss_49progress_counter_fraction_endpoints_and_overshoot
FNDA:1,_RNvNtNtCsfUaFiSwe4RK_10rapidtrees8progress5testss_50progress_counter_begin_sets_total_and_resets_value
FNDA:1,_RNvNtNtCsfUaFiSwe4RK_10rapidtrees8progress5testss_52pairwise_kf_counted_matches_uncounted_and_increments
FNDA:1,_RNvNtNtCsfUaFiSwe4RK_10rapidtrees8progress5testss_52pairwise_rf_counted_matches_uncounted_and_increments
FNDA:1,_RNvNtNtCsfUaFiSwe4RK_10rapidtrees8progress5testss_53pairwise_wrf_counted_matches_uncounted_and_increments
FNDA:11,_RNvMNtCsfUaFiSwe4RK_10rapidtrees8progressNtB2_15ProgressCounter5begin
FNDA:13,_RNvMNtCsfUaFiSwe4RK_10rapidtrees8progressNtB2_15ProgressCounter9arc_value
FNDA:12,_RNvMs9_NtCsfUaFiSwe4RK_10rapidtrees8progressNtB5_15ProgressCounter3new
FNDA:2,_RNvMs9_NtCsfUaFiSwe4RK_10rapidtrees8progressNtB5_15ProgressCounter5reset
FNDA:17,_RNvMs9_NtCsfUaFiSwe4RK_10rapidtrees8progressNtB5_15ProgressCounter5total
FNDA:18,_RNvMs9_NtCsfUaFiSwe4RK_10rapidtrees8progressNtB5_15ProgressCounter5value
FNDA:1,_RNvMs9_NtCsfUaFiSwe4RK_10rapidtrees8progressNtB5_15ProgressCounter8___repr__
FNDA:10,_RNvMs9_NtCsfUaFiSwe4RK_10rapidtrees8progressNtB5_15ProgressCounter8fraction
FNDA:0,_RNvMsb_NtCsfUaFiSwe4RK_10rapidtrees8progressNtB5_15ProgressCounter18___pymethod_reset__
FNDA:0,_RNvMsb_NtCsfUaFiSwe4RK_10rapidtrees8progressNtB5_15ProgressCounter18___pymethod_total__
FNDA:0,_RNvMsb_NtCsfUaFiSwe4RK_10rapidtrees8progressNtB5_15ProgressCounter18___pymethod_value__
FNDA:0,_RNvMsb_NtCsfUaFiSwe4RK_10rapidtrees8progressNtB5_15ProgressCounter21___pymethod___repr____
FNDA:0,_RNvMsb_NtCsfUaFiSwe4RK_10rapidtrees8progressNtB5_15ProgressCounter21___pymethod_fraction__
FNDA:18,_RNvNtCsfUaFiSwe4RK_10rapidtrees8progress9frac_doneB3_
FNF:28
FNH:27
DA:41,0
DA:45,12
DA:46,12
DA:47,12
DA:48,12
DA:49,12
DA:50,12
DA:53,18
DA:54,18
DA:55,18
DA:59,17
DA:60,17
DA:61,17
DA:65,10
DA:66,10
DA:67,10
DA:72,2
DA:73,2
DA:74,2
DA:75,2
DA:77,1
DA:78,1
DA:80,1
DA:81,1
DA:83,1
DA:89,13
DA:90,13
DA:91,13
DA:94,11
DA:95,11
DA:96,11
DA:97,11
DA:106,18
DA:107,18
DA:108,4
DA:110,14
DA:112,18
DA:125,8
DA:126,8
DA:127,8
DA:128,8
DA:129,8
DA:130,8
DA:131,8
DA:132,8
DA:133,8
DA:135,8
DA:137,1
DA:138,1
DA:142,7
DA:143,7
DA:144,7
DA:145,7
DA:148,7
DA:152,7
DA:154,7
DA:155,8
DA:176,1
DA:179,1
DA:180,1
DA:181,1
DA:184,1
DA:185,1
DA:186,1
DA:187,1
DA:190,1
DA:191,1
DA:192,1
DA:193,1
DA:196,1
DA:200,1
DA:201,1
DA:202,1
DA:204,5
DA:208,5
DA:209,5
DA:210,5
DA:211,5
DA:212,5
DA:213,5
DA:214,5
DA:216,5
DA:217,30
DA:218,5
DA:219,5
DA:222,1
DA:226,1
DA:227,1
DA:228,1
DA:229,1
DA:231,1
DA:232,1
DA:233,1
DA:236,1
DA:241,1
DA:242,1
DA:243,1
DA:244,1
DA:245,1
DA:246,1
DA:248,1
DA:249,1
DA:252,1
DA:256,1
DA:257,1
DA:258,1
DA:259,1
DA:260,1
DA:261,1
DA:265,1
DA:266,1
DA:269,1
DA:272,1
DA:273,1
DA:274,1
DA:275,1
DA:276,1
DA:277,1
DA:278,1
DA:279,1
DA:282,1
DA:284,1
DA:285,1
DA:286,1
DA:287,1
DA:288,1
DA:289,1
DA:290,1
DA:291,1
DA:298,1
DA:299,1
DA:300,1
DA:301,1
DA:302,1
DA:303,1
DA:306,1
DA:307,1
DA:309,1
DA:310,1
DA:311,1
DA:312,1
DA:313,1
DA:314,1
DA:317,1
DA:318,1
DA:319,1
DA:320,1
DA:321,1
DA:322,1
DA:323,1
DA:324,1
DA:327,1
DA:328,1
DA:329,1
DA:332,1
DA:333,1
DA:334,1
DA:335,1
DA:336,1
DA:337,1
DA:338,1
DA:339,1
DA:342,1
DA:346,1
DA:347,1
DA:348,1
DA:349,1
DA:350,1
DA:351,1
DA:352,1
BRF:0
BRH:0
LF:172
LH:171
end_of_record
SF:/Users/joonklaps/Desktop/School/PhD/git_repos/rapidtrees/src/snapshot.rs
FN:507,_RNvMs_NtCsfUaFiSwe4RK_10rapidtrees8snapshotNtB4_9Snapshots8is_empty
FN:1043,_RNCNvNtNtCsfUaFiSwe4RK_10rapidtrees8snapshot5testss_28test_taxon_names_vs_node_ids0B7_
FN:1044,_RNCNvNtNtCsfUaFiSwe4RK_10rapidtrees8snapshot5testss_28test_taxon_names_vs_node_idss_0B7_
FN:1093,_RNCNvNtNtCsfUaFiSwe4RK_10rapidtrees8snapshot5testss_29test_consistent_leaf_ordering0B7_
FN:1094,_RNCNvNtNtCsfUaFiSwe4RK_10rapidtrees8snapshot5testss_29test_consistent_leaf_orderings_0B7_
FN:846,_RNCNvNtNtCsfUaFiSwe4RK_10rapidtrees8snapshot5testss_34test_rooted_vs_unrooted_partitions0B7_
FN:1276,_RNCNvNtNtCsfUaFiSwe4RK_10rapidtrees8snapshot5testss_38test_build_branch_length_matrix_values0B7_
FN:1297,_RNCNvNtNtCsfUaFiSwe4RK_10rapidtrees8snapshot5testss_38test_build_branch_length_matrix_valuess0_0B7_
FN:1302,_RNCNvNtNtCsfUaFiSwe4RK_10rapidtrees8snapshot5testss_38test_build_branch_length_matrix_valuess1_0B7_
FN:1284,_RNCNvNtNtCsfUaFiSwe4RK_10rapidtrees8snapshot5testss_38test_build_branch_length_matrix_valuess_0B7_
FN:1366,_RNCNvNtNtCsfUaFiSwe4RK_10rapidtrees8snapshot5testss_42test_build_branch_length_matrix_two_leaves0B7_
FN:1369,_RNCNvNtNtCsfUaFiSwe4RK_10rapidtrees8snapshot5testss_42test_build_branch_length_matrix_two_leavess_0B7_
FN:1389,_RNCNvNtNtCsfUaFiSwe4RK_10rapidtrees8snapshot5testss_52test_build_branch_length_matrix_absent_split_is_zero0B7_
FN:1407,_RNCNvNtNtCsfUaFiSwe4RK_10rapidtrees8snapshot5testss_52test_build_branch_length_matrix_absent_split_is_zeros0_0B7_
FN:1393,_RNCNvNtNtCsfUaFiSwe4RK_10rapidtrees8snapshot5testss_52test_build_branch_length_matrix_absent_split_is_zeros_0B7_
FN:1336,_RNCNvNtNtCsfUaFiSwe4RK_10rapidtrees8snapshot5testss_57test_branch_length_matrix_consistent_with_presence_matrix0B7_
FN:977,_RNvNtNtCsfUaFiSwe4RK_10rapidtrees8snapshot5testss_21test_canonicalization
FN:1123,_RNvNtNtCsfUaFiSwe4RK_10rapidtrees8snapshot5testss_21test_snapshot_concept
FN:768,_RNvNtNtCsfUaFiSwe4RK_10rapidtrees8snapshot5testss_27test_depth3_tree_partitions
FN:823,_RNvNtNtCsfUaFiSwe4RK_10rapidtrees8snapshot5testss_27test_root_bipartition_dedup
FN:920,_RNvNtNtCsfUaFiSwe4RK_10rapidtrees8snapshot5testss_28test_asymmetric_tree_example
FN:1145,_RNvNtNtCsfUaFiSwe4RK_10rapidtrees8snapshot5testss_28test_build_bipartition_bytes
FN:1031,_RNvNtNtCsfUaFiSwe4RK_10rapidtrees8snapshot5testss_28test_taxon_names_vs_node_ids
FN:1083,_RNvNtNtCsfUaFiSwe4RK_10rapidtrees8snapshot5testss_29test_consistent_leaf_ordering
FN:1174,_RNvNtNtCsfUaFiSwe4RK_10rapidtrees8snapshot5testss_33test_build_presence_matrix_sorted
FN:843,_RNvNtNtCsfUaFiSwe4RK_10rapidtrees8snapshot5testss_34test_rooted_vs_unrooted_partitions
FN:1207,_RNvNtNtCsfUaFiSwe4RK_10rapidtrees8snapshot5testss_36test_build_branch_length_matrix_size
FN:1227,_RNvNtNtCsfUaFiSwe4RK_10rapidtrees8snapshot5testss_38test_build_branch_length_matrix_values
FN:1356,_RNvNtNtCsfUaFiSwe4RK_10rapidtrees8snapshot5testss_42test_build_branch_length_matrix_two_leaves
FN:1376,_RNvNtNtCsfUaFiSwe4RK_10rapidtrees8snapshot5testss_52test_build_branch_length_matrix_absent_split_is_zero
FN:1320,_RNvNtNtCsfUaFiSwe4RK_10rapidtrees8snapshot5testss_57test_branch_length_matrix_consistent_with_presence_matrix
FN:420,_RINvMs_NtCsfUaFiSwe4RK_10rapidtrees8snapshotNtB5_9Snapshots16from_newick_iterATReRINtNtNtNtCsg55jX0GwzBC_3std11collections4hash3map7HashMapNtNtCs1OjIl8oxbrv_5alloc6string6StringB2d_EEj2_EB7_
FN:420,_RINvMs_NtCsfUaFiSwe4RK_10rapidtrees8snapshotNtB5_9Snapshots16from_newick_iterINtNtCs1OjIl8oxbrv_5alloc3vec3VecTReRINtNtNtNtCsg55jX0GwzBC_3std11collections4hash3map7HashMapNtNtB1i_6string6StringB2J_EEEEB7_
FN:420,_RINvMs_NtCsfUaFiSwe4RK_10rapidtrees8snapshotNtB5_9Snapshots16from_newick_iterINtNtNtNtCsl8K0bEFm1U0_4core4iter8adapters3map3MapINtNtB1i_3zip3ZipINtNtNtB1m_5slice4iter4IterNtNtCs1OjIl8oxbrv_5alloc6string6StringEIB2j_jEENCNvNtB7_3api27collect_snapshots_from_iters_0EEB7_
FN:420,_RINvMs_NtCsfUaFiSwe4RK_10rapidtrees8snapshotNtB5_9Snapshots16from_newick_iterINtNtNtNtCsl8K0bEFm1U0_4core4iter8adapters3map3MapINtNtNtB1m_5slice4iter4IterNtNtCs1OjIl8oxbrv_5alloc6string6StringENCINvNtB7_2io16load_beast_treesNtNtCsg55jX0GwzBC_3std4path7PathBufE0EEB7_
FN:420,_RINvMs_NtCsfUaFiSwe4RK_10rapidtrees8snapshotNtB5_9Snapshots16from_newick_iterINtNtNtNtCsl8K0bEFm1U0_4core4iter8adapters3map3MapINtNtNtB1m_5slice4iter4IterNtNtCs1OjIl8oxbrv_5alloc6string6StringENCINvNtB7_2io16load_beast_treesReE0EEB7_
FN:420,_RINvMs_NtCsfUaFiSwe4RK_10rapidtrees8snapshotNtB5_9Snapshots16from_newick_iterINtNtNtNtCsl8K0bEFm1U0_4core4iter8adapters3map3MapINtNtNtB1m_5slice4iter4IterReENCNvB2_12from_newicks0EEB7_
FN:433,_RNCINvMs_NtCsfUaFiSwe4RK_10rapidtrees8snapshotNtB7_9Snapshots16from_newick_iterATReRINtNtNtNtCsg55jX0GwzBC_3std11collections4hash3map7HashMapNtNtCs1OjIl8oxbrv_5alloc6string6StringB2f_EEj2_E0B9_
FN:453,_RNCINvMs_NtCsfUaFiSwe4RK_10rapidtrees8snapshotNtB7_9Snapshots16from_newick_iterATReRINtNtNtNtCsg55jX0GwzBC_3std11collections4hash3map7HashMapNtNtCs1OjIl8oxbrv_5alloc6string6StringB2f_EEj2_Es0_0B9_
FN:460,_RNCINvMs_NtCsfUaFiSwe4RK_10rapidtrees8snapshotNtB7_9Snapshots16from_newick_iterATReRINtNtNtNtCsg55jX0GwzBC_3std11collections4hash3map7HashMapNtNtCs1OjIl8oxbrv_5alloc6string6StringB2f_EEj2_Es1_0B9_
FN:446,_RNCINvMs_NtCsfUaFiSwe4RK_10rapidtrees8snapshotNtB7_9Snapshots16from_newick_iterATReRINtNtNtNtCsg55jX0GwzBC_3std11collections4hash3map7HashMapNtNtCs1OjIl8oxbrv_5alloc6string6StringB2f_EEj2_Es_0B9_
FN:433,_RNCINvMs_NtCsfUaFiSwe4RK_10rapidtrees8snapshotNtB7_9Snapshots16from_newick_iterINtNtCs1OjIl8oxbrv_5alloc3vec3VecTReRINtNtNtNtCsg55jX0GwzBC_3std11collections4hash3map7HashMapNtNtB1k_6string6StringB2L_EEEE0B9_
FN:453,_RNCINvMs_NtCsfUaFiSwe4RK_10rapidtrees8snapshotNtB7_9Snapshots16from_newick_iterINtNtCs1OjIl8oxbrv_5alloc3vec3VecTReRINtNtNtNtCsg55jX0GwzBC_3std11collections4hash3map7HashMapNtNtB1k_6string6StringB2L_EEEEs0_0B9_
FN:460,_RNCINvMs_NtCsfUaFiSwe4RK_10rapidtrees8snapshotNtB7_9Snapshots16from_newick_iterINtNtCs1OjIl8oxbrv_5alloc3vec3VecTReRINtNtNtNtCsg55jX0GwzBC_3std11collections4hash3map7HashMapNtNtB1k_6string6StringB2L_EEEEs1_0B9_
FN:446,_RNCINvMs_NtCsfUaFiSwe4RK_10rapidtrees8snapshotNtB7_9Snapshots16from_newick_iterINtNtCs1OjIl8oxbrv_5alloc3vec3VecTReRINtNtNtNtCsg55jX0GwzBC_3std11collections4hash3map7HashMapNtNtB1k_6string6StringB2L_EEEEs_0B9_
FN:433,_RNCINvMs_NtCsfUaFiSwe4RK_10rapidtrees8snapshotNtB7_9Snapshots16from_newick_iterINtNtNtNtCsl8K0bEFm1U0_4core4iter8adapters3map3MapINtNtB1k_3zip3ZipINtNtNtB1o_5slice4iter4IterNtNtCs1OjIl8oxbrv_5alloc6string6StringEIB2l_jEENCNvNtB9_3api27collect_snapshots_from_iters_0EE0B9_
FN:453,_RNCINvMs_NtCsfUaFiSwe4RK_10rapidtrees8snapshotNtB7_9Snapshots16from_newick_iterINtNtNtNtCsl8K0bEFm1U0_4core4iter8adapters3map3MapINtNtB1k_3zip3ZipINtNtNtB1o_5slice4iter4IterNtNtCs1OjIl8oxbrv_5alloc6string6StringEIB2l_jEENCNvNtB9_3api27collect_snapshots_from_iters_0EEs0_0B9_
FN:460,_RNCINvMs_NtCsfUaFiSwe4RK_10rapidtrees8snapshotNtB7_9Snapshots16from_newick_iterINtNtNtNtCsl8K0bEFm1U0_4core4iter8adapters3map3MapINtNtB1k_3zip3ZipINtNtNtB1o_5slice4iter4IterNtNtCs1OjIl8oxbrv_5alloc6string6StringEIB2l_jEENCNvNtB9_3api27collect_snapshots_from_iters_0EEs1_0B9_
FN:446,_RNCINvMs_NtCsfUaFiSwe4RK_10rapidtrees8snapshotNtB7_9Snapshots16from_newick_iterINtNtNtNtCsl8K0bEFm1U0_4core4iter8adapters3map3MapINtNtB1k_3zip3ZipINtNtNtB1o_5slice4iter4IterNtNtCs1OjIl8oxbrv_5alloc6string6StringEIB2l_jEENCNvNtB9_3api27collect_snapshots_from_iters_0EEs_0B9_
FN:433,_RNCINvMs_NtCsfUaFiSwe4RK_10rapidtrees8snapshotNtB7_9Snapshots16from_newick_iterINtNtNtNtCsl8K0bEFm1U0_4core4iter8adapters3map3MapINtNtNtB1o_5slice4iter4IterNtNtCs1OjIl8oxbrv_5alloc6string6StringENCINvNtB9_2io16load_beast_treesNtNtCsg55jX0GwzBC_3std4path7PathBufE0EE0B9_
FN:453,_RNCINvMs_NtCsfUaFiSwe4RK_10rapidtrees8snapshotNtB7_9Snapshots16from_newick_iterINtNtNtNtCsl8K0bEFm1U0_4core4iter8adapters3map3MapINtNtNtB1o_5slice4iter4IterNtNtCs1OjIl8oxbrv_5alloc6string6StringENCINvNtB9_2io16load_beast_treesNtNtCsg55jX0GwzBC_3std4path7PathBufE0EEs0_0B9_
FN:460,_RNCINvMs_NtCsfUaFiSwe4RK_10rapidtrees8snapshotNtB7_9Snapshots16from_newick_iterINtNtNtNtCsl8K0bEFm1U0_4core4iter8adapters3map3MapINtNtNtB1o_5slice4iter4IterNtNtCs1OjIl8oxbrv_5alloc6string6StringENCINvNtB9_2io16load_beast_treesNtNtCsg55jX0GwzBC_3std4path7PathBufE0EEs1_0B9_
FN:446,_RNCINvMs_NtCsfUaFiSwe4RK_10rapidtrees8snapshotNtB7_9Snapshots16from_newick_iterINtNtNtNtCsl8K0bEFm1U0_4core4iter8adapters3map3MapINtNtNtB1o_5slice4iter4IterNtNtCs1OjIl8oxbrv_5alloc6string6StringENCINvNtB9_2io16load_beast_treesNtNtCsg55jX0GwzBC_3std4path7PathBufE0EEs_0B9_
FN:433,_RNCINvMs_NtCsfUaFiSwe4RK_10rapidtrees8snapshotNtB7_9Snapshots16from_newick_iterINtNtNtNtCsl8K0bEFm1U0_4core4iter8adapters3map3MapINtNtNtB1o_5slice4iter4IterNtNtCs1OjIl8oxbrv_5alloc6string6StringENCINvNtB9_2io16load_beast_treesReE0EE0B9_
FN:453,_RNCINvMs_NtCsfUaFiSwe4RK_10rapidtrees8snapshotNtB7_9Snapshots16from_newick_iterINtNtNtNtCsl8K0bEFm1U0_4core4iter8adapters3map3MapINtNtNtB1o_5slice4iter4IterNtNtCs1OjIl8oxbrv_5alloc6string6StringENCINvNtB9_2io16load_beast_treesReE0EEs0_0B9_
FN:460,_RNCINvMs_NtCsfUaFiSwe4RK_10rapidtrees8snapshotNtB7_9Snapshots16from_newick_iterINtNtNtNtCsl8K0bEFm1U0_4core4iter8adapters3map3MapINtNtNtB1o_5slice4iter4IterNtNtCs1OjIl8oxbrv_5alloc6string6StringENCINvNtB9_2io16load_beast_treesReE0EEs1_0B9_
FN:446,_RNCINvMs_NtCsfUaFiSwe4RK_10rapidtrees8snapshotNtB7_9Snapshots16from_newick_iterINtNtNtNtCsl8K0bEFm1U0_4core4iter8adapters3map3MapINtNtNtB1o_5slice4iter4IterNtNtCs1OjIl8oxbrv_5alloc6string6StringENCINvNtB9_2io16load_beast_treesReE0EEs_0B9_
FN:433,_RNCINvMs_NtCsfUaFiSwe4RK_10rapidtrees8snapshotNtB7_9Snapshots16from_newick_iterINtNtNtNtCsl8K0bEFm1U0_4core4iter8adapters3map3MapINtNtNtB1o_5slice4iter4IterReENCNvB4_12from_newicks0EE0B9_
FN:453,_RNCINvMs_NtCsfUaFiSwe4RK_10rapidtrees8snapshotNtB7_9Snapshots16from_newick_iterINtNtNtNtCsl8K0bEFm1U0_4core4iter8adapters3map3MapINtNtNtB1o_5slice4iter4IterReENCNvB4_12from_newicks0EEs0_0B9_
FN:460,_RNCINvMs_NtCsfUaFiSwe4RK_10rapidtrees8snapshotNtB7_9Snapshots16from_newick_iterINtNtNtNtCsl8K0bEFm1U0_4core4iter8adapters3map3MapINtNtNtB1o_5slice4iter4IterReENCNvB4_12from_newicks0EEs1_0B9_
FN:446,_RNCINvMs_NtCsfUaFiSwe4RK_10rapidtrees8snapshotNtB7_9Snapshots16from_newick_iterINtNtNtNtCsl8K0bEFm1U0_4core4iter8adapters3map3MapINtNtNtB1o_5slice4iter4IterReENCNvB4_12from_newicks0EEs_0B9_
FN:464,_RNCNCINvMs_NtCsfUaFiSwe4RK_10rapidtrees8snapshotNtB9_9Snapshots16from_newick_iterATReRINtNtNtNtCsg55jX0GwzBC_3std11collections4hash3map7HashMapNtNtCs1OjIl8oxbrv_5alloc6string6StringB2h_EEj2_Es1_00Bb_
FN:478,_RNCNCINvMs_NtCsfUaFiSwe4RK_10rapidtrees8snapshotNtB9_9Snapshots16from_newick_iterATReRINtNtNtNtCsg55jX0GwzBC_3std11collections4hash3map7HashMapNtNtCs1OjIl8oxbrv_5alloc6string6StringB2h_EEj2_Es1_0s0_0Bb_
FN:470,_RNCNCINvMs_NtCsfUaFiSwe4RK_10rapidtrees8snapshotNtB9_9Snapshots16from_newick_iterATReRINtNtNtNtCsg55jX0GwzBC_3std11collections4hash3map7HashMapNtNtCs1OjIl8oxbrv_5alloc6string6StringB2h_EEj2_Es1_0s_0Bb_
FN:464,_RNCNCINvMs_NtCsfUaFiSwe4RK_10rapidtrees8snapshotNtB9_9Snapshots16from_newick_iterINtNtCs1OjIl8oxbrv_5alloc3vec3VecTReRINtNtNtNtCsg55jX0GwzBC_3std11collections4hash3map7HashMapNtNtB1m_6string6StringB2N_EEEEs1_00Bb_
FN:478,_RNCNCINvMs_NtCsfUaFiSwe4RK_10rapidtrees8snapshotNtB9_9Snapshots16from_newick_iterINtNtCs1OjIl8oxbrv_5alloc3vec3VecTReRINtNtNtNtCsg55jX0GwzBC_3std11collections4hash3map7HashMapNtNtB1m_6string6StringB2N_EEEEs1_0s0_0Bb_
FN:470,_RNCNCINvMs_NtCsfUaFiSwe4RK_10rapidtrees8snapshotNtB9_9Snapshots16from_newick_iterINtNtCs1OjIl8oxbrv_5alloc3vec3VecTReRINtNtNtNtCsg55jX0GwzBC_3std11collections4hash3map7HashMapNtNtB1m_6string6StringB2N_EEEEs1_0s_0Bb_
FN:464,_RNCNCINvMs_NtCsfUaFiSwe4RK_10rapidtrees8snapshotNtB9_9Snapshots16from_newick_iterINtNtNtNtCsl8K0bEFm1U0_4core4iter8adapters3map3MapINtNtB1m_3zip3ZipINtNtNtB1q_5slice4iter4IterNtNtCs1OjIl8oxbrv_5alloc6string6StringEIB2n_jEENCNvNtBb_3api27collect_snapshots_from_iters_0EEs1_00Bb_
FN:478,_RNCNCINvMs_NtCsfUaFiSwe4RK_10rapidtrees8snapshotNtB9_9Snapshots16from_newick_iterINtNtNtNtCsl8K0bEFm1U0_4core4iter8adapters3map3MapINtNtB1m_3zip3ZipINtNtNtB1q_5slice4iter4IterNtNtCs1OjIl8oxbrv_5alloc6string6StringEIB2n_jEENCNvNtBb_3api27collect_snapshots_from_iters_0EEs1_0s0_0Bb_
FN:470,_RNCNCINvMs_NtCsfUaFiSwe4RK_10rapidtrees8snapshotNtB9_9Snapshots16from_newick_iterINtNtNtNtCsl8K0bEFm1U0_4core4iter8adapters3map3MapINtNtB1m_3zip3ZipINtNtNtB1q_5slice4iter4IterNtNtCs1OjIl8oxbrv_5alloc6string6StringEIB2n_jEENCNvNtBb_3api27collect_snapshots_from_iters_0EEs1_0s_0Bb_
FN:464,_RNCNCINvMs_NtCsfUaFiSwe4RK_10rapidtrees8snapshotNtB9_9Snapshots16from_newick_iterINtNtNtNtCsl8K0bEFm1U0_4core4iter8adapters3map3MapINtNtNtB1q_5slice4iter4IterNtNtCs1OjIl8oxbrv_5alloc6string6StringENCINvNtBb_2io16load_beast_treesNtNtCsg55jX0GwzBC_3std4path7PathBufE0EEs1_00Bb_
FN:478,_RNCNCINvMs_NtCsfUaFiSwe4RK_10rapidtrees8snapshotNtB9_9Snapshots16from_newick_iterINtNtNtNtCsl8K0bEFm1U0_4core4iter8adapters3map3MapINtNtNtB1q_5slice4iter4IterNtNtCs1OjIl8oxbrv_5alloc6string6StringENCINvNtBb_2io16load_beast_treesNtNtCsg55jX0GwzBC_3std4path7PathBufE0EEs1_0s0_0Bb_
FN:470,_RNCNCINvMs_NtCsfUaFiSwe4RK_10rapidtrees8snapshotNtB9_9Snapshots16from_newick_iterINtNtNtNtCsl8K0bEFm1U0_4core4iter8adapters3map3MapINtNtNtB1q_5slice4iter4IterNtNtCs1OjIl8oxbrv_5alloc6string6StringENCINvNtBb_2io16load_beast_treesNtNtCsg55jX0GwzBC_3std4path7PathBufE0EEs1_0s_0Bb_
FN:464,_RNCNCINvMs_NtCsfUaFiSwe4RK_10rapidtrees8snapshotNtB9_9Snapshots16from_newick_iterINtNtNtNtCsl8K0bEFm1U0_4core4iter8adapters3map3MapINtNtNtB1q_5slice4iter4IterNtNtCs1OjIl8oxbrv_5alloc6string6StringENCINvNtBb_2io16load_beast_treesReE0EEs1_00Bb_
FN:478,_RNCNCINvMs_NtCsfUaFiSwe4RK_10rapidtrees8snapshotNtB9_9Snapshots16from_newick_iterINtNtNtNtCsl8K0bEFm1U0_4core4iter8adapters3map3MapINtNtNtB1q_5slice4iter4IterNtNtCs1OjIl8oxbrv_5alloc6string6StringENCINvNtBb_2io16load_beast_treesReE0EEs1_0s0_0Bb_
FN:470,_RNCNCINvMs_NtCsfUaFiSwe4RK_10rapidtrees8snapshotNtB9_9Snapshots16from_newick_iterINtNtNtNtCsl8K0bEFm1U0_4core4iter8adapters3map3MapINtNtNtB1q_5slice4iter4IterNtNtCs1OjIl8oxbrv_5alloc6string6StringENCINvNtBb_2io16load_beast_treesReE0EEs1_0s_0Bb_
FN:464,_RNCNCINvMs_NtCsfUaFiSwe4RK_10rapidtrees8snapshotNtB9_9Snapshots16from_newick_iterINtNtNtNtCsl8K0bEFm1U0_4core4iter8adapters3map3MapINtNtNtB1q_5slice4iter4IterReENCNvB6_12from_newicks0EEs1_00Bb_
FN:478,_RNCNCINvMs_NtCsfUaFiSwe4RK_10rapidtrees8snapshotNtB9_9Snapshots16from_newick_iterINtNtNtNtCsl8K0bEFm1U0_4core4iter8adapters3map3MapINtNtNtB1q_5slice4iter4IterReENCNvB6_12from_newicks0EEs1_0s0_0Bb_
FN:470,_RNCNCINvMs_NtCsfUaFiSwe4RK_10rapidtrees8snapshotNtB9_9Snapshots16from_newick_iterINtNtNtNtCsl8K0bEFm1U0_4core4iter8adapters3map3MapINtNtNtB1q_5slice4iter4IterReENCNvB6_12from_newicks0EEs1_0s_0Bb_
FN:706,_RNCNCNvMs_NtCsfUaFiSwe4RK_10rapidtrees8snapshotNtB8_9Snapshots6interns_00Ba_
FN:101,_RNCNvMNtCsfUaFiSwe4RK_10rapidtrees8snapshotNtB4_8Snapshot11from_newick0B6_
FN:102,_RNCNvMNtCsfUaFiSwe4RK_10rapidtrees8snapshotNtB4_8Snapshot11from_newicks_0B6_
FN:228,_RNCNvMNtCsfUaFiSwe4RK_10rapidtrees8snapshotNtB4_8Snapshot18collect_partitions0B6_
FN:234,_RNCNvMNtCsfUaFiSwe4RK_10rapidtrees8snapshotNtB4_8Snapshot18collect_partitionss0_0B6_
FN:229,_RNCNvMNtCsfUaFiSwe4RK_10rapidtrees8snapshotNtB4_8Snapshot18collect_partitionss_0B6_
FN:366,_RNCNvMNtCsfUaFiSwe4RK_10rapidtrees8snapshotNtB4_8Snapshot18compute_complement0B6_
FN:296,_RNCNvMNtCsfUaFiSwe4RK_10rapidtrees8snapshotNtB4_8Snapshot23canonicalize_partitions0B6_
FN:335,_RNCNvMNtCsfUaFiSwe4RK_10rapidtrees8snapshotNtB4_8Snapshot23canonicalize_partitionss0_0B6_
FN:312,_RNCNvMNtCsfUaFiSwe4RK_10rapidtrees8snapshotNtB4_8Snapshot23canonicalize_partitionss_0B6_
FN:123,_RNCNvMNtCsfUaFiSwe4RK_10rapidtrees8snapshotNtB4_8Snapshot9from_tree0B6_
FN:132,_RNCNvMNtCsfUaFiSwe4RK_10rapidtrees8snapshotNtB4_8Snapshot9from_trees0_0B6_
FN:140,_RNCNvMNtCsfUaFiSwe4RK_10rapidtrees8snapshotNtB4_8Snapshot9from_trees1_0B6_
FN:147,_RNCNvMNtCsfUaFiSwe4RK_10rapidtrees8snapshotNtB4_8Snapshot9from_trees2_0B6_
FN:130,_RNCNvMNtCsfUaFiSwe4RK_10rapidtrees8snapshotNtB4_8Snapshot9from_trees_0B6_
FN:498,_RNCNvMs_NtCsfUaFiSwe4RK_10rapidtrees8snapshotNtB6_9Snapshots12from_newicks0B8_
FN:517,_RNCNvMs_NtCsfUaFiSwe4RK_10rapidtrees8snapshotNtB6_9Snapshots20sorted_bip_id_to_col0B8_
FN:556,_RNCNvMs_NtCsfUaFiSwe4RK_10rapidtrees8snapshotNtB6_9Snapshots21build_presence_matrix0B8_
FN:643,_RNCNvMs_NtCsfUaFiSwe4RK_10rapidtrees8snapshotNtB6_9Snapshots23build_bipartition_bytes0B8_
FN:606,_RNCNvMs_NtCsfUaFiSwe4RK_10rapidtrees8snapshotNtB6_9Snapshots26build_branch_length_matrix0B8_
FN:701,_RNCNvMs_NtCsfUaFiSwe4RK_10rapidtrees8snapshotNtB6_9Snapshots6interns_0B8_
FN:100,_RNvMNtCsfUaFiSwe4RK_10rapidtrees8snapshotNtB2_8Snapshot11from_newick
FN:179,_RNvMNtCsfUaFiSwe4RK_10rapidtrees8snapshotNtB2_8Snapshot15compute_bitsets
FN:221,_RNvMNtCsfUaFiSwe4RK_10rapidtrees8snapshotNtB2_8Snapshot18collect_partitions
FN:365,_RNvMNtCsfUaFiSwe4RK_10rapidtrees8snapshotNtB2_8Snapshot18compute_complement
FN:284,_RNvMNtCsfUaFiSwe4RK_10rapidtrees8snapshotNtB2_8Snapshot23canonicalize_partitions
FN:117,_RNvMNtCsfUaFiSwe4RK_10rapidtrees8snapshotNtB2_8Snapshot9from_tree
FN:661,_RNvMs_NtCsfUaFiSwe4RK_10rapidtrees8snapshotNtB4_9Snapshots11pairwise_kf
FN:651,_RNvMs_NtCsfUaFiSwe4RK_10rapidtrees8snapshotNtB4_9Snapshots11pairwise_rf
FN:496,_RNvMs_NtCsfUaFiSwe4RK_10rapidtrees8snapshotNtB4_9Snapshots12from_newicks
FN:656,_RNvMs_NtCsfUaFiSwe4RK_10rapidtrees8snapshotNtB4_9Snapshots12pairwise_wrf
FN:685,_RNvMs_NtCsfUaFiSwe4RK_10rapidtrees8snapshotNtB4_9Snapshots19pairwise_kf_counted
FN:667,_RNvMs_NtCsfUaFiSwe4RK_10rapidtrees8snapshotNtB4_9Snapshots19pairwise_rf_counted
FN:676,_RNvMs_NtCsfUaFiSwe4RK_10rapidtrees8snapshotNtB4_9Snapshots20pairwise_wrf_counted
FN:514,_RNvMs_NtCsfUaFiSwe4RK_10rapidtrees8snapshotNtB4_9Snapshots20sorted_bip_id_to_col
FN:535,_RNvMs_NtCsfUaFiSwe4RK_10rapidtrees8snapshotNtB4_9Snapshots21build_presence_matrix
FN:634,_RNvMs_NtCsfUaFiSwe4RK_10rapidtrees8snapshotNtB4_9Snapshots23build_bipartition_bytes
FN:588,_RNvMs_NtCsfUaFiSwe4RK_10rapidtrees8snapshotNtB4_9Snapshots26build_branch_length_matrix
[...]
FNDA:0,_RNCINvMs_NtCsfUaFiSwe4RK_10rapidtrees8snapshotNtB7_9Snapshots16from_newick_iterATReRINtNtNtNtCsg55jX0GwzBC_3std11collections4hash3map7HashMapNtNtCs1OjIl8oxbrv_5alloc6string6StringB2f_EEj2_E0B9_
FNDA:0,_RNCINvMs_NtCsfUaFiSwe4RK_10rapidtrees8snapshotNtB7_9Snapshots16from_newick_iterATReRINtNtNtNtCsg55jX0GwzBC_3std11collections4hash3map7HashMapNtNtCs1OjIl8oxbrv_5alloc6string6StringB2f_EEj2_Es0_0B9_
FNDA:1,_RNCINvMs_NtCsfUaFiSwe4RK_10rapidtrees8snapshotNtB7_9Snapshots16from_newick_iterATReRINtNtNtNtCsg55jX0GwzBC_3std11collections4hash3map7HashMapNtNtCs1OjIl8oxbrv_5alloc6string6StringB2f_EEj2_Es1_0B9_
FNDA:4,_RNCINvMs_NtCsfUaFiSwe4RK_10rapidtrees8snapshotNtB7_9Snapshots16from_newick_iterATReRINtNtNtNtCsg55jX0GwzBC_3std11collections4hash3map7HashMapNtNtCs1OjIl8oxbrv_5alloc6string6StringB2f_EEj2_Es_0B9_
FNDA:0,_RNCINvMs_NtCsfUaFiSwe4RK_10rapidtrees8snapshotNtB7_9Snapshots16from_newick_iterINtNtCs1OjIl8oxbrv_5alloc3vec3VecTReRINtNtNtNtCsg55jX0GwzBC_3std11collections4hash3map7HashMapNtNtB1k_6string6StringB2L_EEEE0B9_
FNDA:0,_RNCINvMs_NtCsfUaFiSwe4RK_10rapidtrees8snapshotNtB7_9Snapshots16from_newick_iterINtNtCs1OjIl8oxbrv_5alloc3vec3VecTReRINtNtNtNtCsg55jX0GwzBC_3std11collections4hash3map7HashMapNtNtB1k_6string6StringB2L_EEEEs0_0B9_
FNDA:25,_RNCINvMs_NtCsfUaFiSwe4RK_10rapidtrees8snapshotNtB7_9Snapshots16from_newick_iterINtNtCs1OjIl8oxbrv_5alloc3vec3VecTReRINtNtNtNtCsg55jX0GwzBC_3std11collections4hash3map7HashMapNtNtB1k_6string6StringB2L_EEEEs1_0B9_
FNDA:25,_RNCINvMs_NtCsfUaFiSwe4RK_10rapidtrees8snapshotNtB7_9Snapshots16from_newick_iterINtNtCs1OjIl8oxbrv_5alloc3vec3VecTReRINtNtNtNtCsg55jX0GwzBC_3std11collections4hash3map7HashMapNtNtB1k_6string6StringB2L_EEEEs_0B9_
FNDA:0,_RNCINvMs_NtCsfUaFiSwe4RK_10rapidtrees8snapshotNtB7_9Snapshots16from_newick_iterINtNtNtNtCsl8K0bEFm1U0_4core4iter8adapters3map3MapINtNtB1k_3zip3ZipINtNtNtB1o_5slice4iter4IterNtNtCs1OjIl8oxbrv_5alloc6string6StringEIB2l_jEENCNvNtB9_3api27collect_snapshots_from_iters_0EE0B9_
FNDA:0,_RNCINvMs_NtCsfUaFiSwe4RK_10rapidtrees8snapshotNtB7_9Snapshots16from_newick_iterINtNtNtNtCsl8K0bEFm1U0_4core4iter8adapters3map3MapINtNtB1k_3zip3ZipINtNtNtB1o_5slice4iter4IterNtNtCs1OjIl8oxbrv_5alloc6string6StringEIB2l_jEENCNvNtB9_3api27collect_snapshots_from_iters_0EEs0_0B9_
FNDA:16,_RNCINvMs_NtCsfUaFiSwe4RK_10rapidtrees8snapshotNtB7_9Snapshots16from_newick_iterINtNtNtNtCsl8K0bEFm1U0_4core4iter8adapters3map3MapINtNtB1k_3zip3ZipINtNtNtB1o_5slice4iter4IterNtNtCs1OjIl8oxbrv_5alloc6string6StringEIB2l_jEENCNvNtB9_3api27collect_snapshots_from_iters_0EEs1_0B9_
FNDA:24,_RNCINvMs_NtCsfUaFiSwe4RK_10rapidtrees8snapshotNtB7_9Snapshots16from_newick_iterINtNtNtNtCsl8K0bEFm1U0_4core4iter8adapters3map3MapINtNtB1k_3zip3ZipINtNtNtB1o_5slice4iter4IterNtNtCs1OjIl8oxbrv_5alloc6string6StringEIB2l_jEENCNvNtB9_3api27collect_snapshots_from_iters_0EEs_0B9_
FNDA:0,_RNCINvMs_NtCsfUaFiSwe4RK_10rapidtrees8snapshotNtB7_9Snapshots16from_newick_iterINtNtNtNtCsl8K0bEFm1U0_4core4iter8adapters3map3MapINtNtNtB1o_5slice4iter4IterNtNtCs1OjIl8oxbrv_5alloc6string6StringENCINvNtB9_2io16load_beast_treesNtNtCsg55jX0GwzBC_3std4path7PathBufE0EE0B9_
FNDA:0,_RNCINvMs_NtCsfUaFiSwe4RK_10rapidtrees8snapshotNtB7_9Snapshots16from_newick_iterINtNtNtNtCsl8K0bEFm1U0_4core4iter8adapters3map3MapINtNtNtB1o_5slice4iter4IterNtNtCs1OjIl8oxbrv_5alloc6string6StringENCINvNtB9_2io16load_beast_treesNtNtCsg55jX0GwzBC_3std4path7PathBufE0EEs0_0B9_
FNDA:35,_RNCINvMs_NtCsfUaFiSwe4RK_10rapidtrees8snapshotNtB7_9Snapshots16from_newick_iterINtNtNtNtCsl8K0bEFm1U0_4core4iter8adapters3map3MapINtNtNtB1o_5slice4iter4IterNtNtCs1OjIl8oxbrv_5alloc6string6StringENCINvNtB9_2io16load_beast_treesNtNtCsg55jX0GwzBC_3std4path7PathBufE0EEs1_0B9_
FNDA:324,_RNCINvMs_NtCsfUaFiSwe4RK_10rapidtrees8snapshotNtB7_9Snapshots16from_newick_iterINtNtNtNtCsl8K0bEFm1U0_4core4iter8adapters3map3MapINtNtNtB1o_5slice4iter4IterNtNtCs1OjIl8oxbrv_5alloc6string6StringENCINvNtB9_2io16load_beast_treesNtNtCsg55jX0GwzBC_3std4path7PathBufE0EEs_0B9_
FNDA:0,_RNCINvMs_NtCsfUaFiSwe4RK_10rapidtrees8snapshotNtB7_9Snapshots16from_newick_iterINtNtNtNtCsl8K0bEFm1U0_4core4iter8adapters3map3MapINtNtNtB1o_5slice4iter4IterNtNtCs1OjIl8oxbrv_5alloc6string6StringENCINvNtB9_2io16load_beast_treesReE0EE0B9_
FNDA:0,_RNCINvMs_NtCsfUaFiSwe4RK_10rapidtrees8snapshotNtB7_9Snapshots16from_newick_iterINtNtNtNtCsl8K0bEFm1U0_4core4iter8adapters3map3MapINtNtNtB1o_5slice4iter4IterNtNtCs1OjIl8oxbrv_5alloc6string6StringENCINvNtB9_2io16load_beast_treesReE0EEs0_0B9_
FNDA:0,_RNCINvMs_NtCsfUaFiSwe4RK_10rapidtrees8snapshotNtB7_9Snapshots16from_newick_iterINtNtNtNtCsl8K0bEFm1U0_4core4iter8adapters3map3MapINtNtNtB1o_5slice4iter4IterNtNtCs1OjIl8oxbrv_5alloc6string6StringENCINvNtB9_2io16load_beast_treesReE0EEs1_0B9_
FNDA:0,_RNCINvMs_NtCsfUaFiSwe4RK_10rapidtrees8snapshotNtB7_9Snapshots16from_newick_iterINtNtNtNtCsl8K0bEFm1U0_4core4iter8adapters3map3MapINtNtNtB1o_5slice4iter4IterNtNtCs1OjIl8oxbrv_5alloc6string6StringENCINvNtB9_2io16load_beast_treesReE0EEs_0B9_
FNDA:0,_RNCINvMs_NtCsfUaFiSwe4RK_10rapidtrees8snapshotNtB7_9Snapshots16from_newick_iterINtNtNtNtCsl8K0bEFm1U0_4core4iter8adapters3map3MapINtNtNtB1o_5slice4iter4IterReENCNvB4_12from_newicks0EE0B9_
FNDA:0,_RNCINvMs_NtCsfUaFiSwe4RK_10rapidtrees8snapshotNtB7_9Snapshots16from_newick_iterINtNtNtNtCsl8K0bEFm1U0_4core4iter8adapters3map3MapINtNtNtB1o_5slice4iter4IterReENCNvB4_12from_newicks0EEs0_0B9_
FNDA:30,_RNCINvMs_NtCsfUaFiSwe4RK_10rapidtrees8snapshotNtB7_9Snapshots16from_newick_iterINtNtNtNtCsl8K0bEFm1U0_4core4iter8adapters3map3MapINtNtNtB1o_5slice4iter4IterReENCNvB4_12from_newicks0EEs1_0B9_
FNDA:132,_RNCINvMs_NtCsfUaFiSwe4RK_10rapidtrees8snapshotNtB7_9Snapshots16from_newick_iterINtNtNtNtCsl8K0bEFm1U0_4core4iter8adapters3map3MapINtNtNtB1o_5slice4iter4IterReENCNvB4_12from_newicks0EEs_0B9_
FNDA:0,_RNCNCINvMs_NtCsfUaFiSwe4RK_10rapidtrees8snapshotNtB9_9Snapshots16from_newick_iterATReRINtNtNtNtCsg55jX0GwzBC_3std11collections4hash3map7HashMapNtNtCs1OjIl8oxbrv_5alloc6string6StringB2h_EEj2_Es1_00Bb_
FNDA:0,_RNCNCINvMs_NtCsfUaFiSwe4RK_10rapidtrees8snapshotNtB9_9Snapshots16from_newick_iterATReRINtNtNtNtCsg55jX0GwzBC_3std11collections4hash3map7HashMapNtNtCs1OjIl8oxbrv_5alloc6string6StringB2h_EEj2_Es1_0s0_0Bb_
FNDA:4,_RNCNCINvMs_NtCsfUaFiSwe4RK_10rapidtrees8snapshotNtB9_9Snapshots16from_newick_iterATReRINtNtNtNtCsg55jX0GwzBC_3std11collections4hash3map7HashMapNtNtCs1OjIl8oxbrv_5alloc6string6StringB2h_EEj2_Es1_0s_0Bb_
FNDA:0,_RNCNCINvMs_NtCsfUaFiSwe4RK_10rapidtrees8snapshotNtB9_9Snapshots16from_newick_iterINtNtCs1OjIl8oxbrv_5alloc3vec3VecTReRINtNtNtNtCsg55jX0GwzBC_3std11collections4hash3map7HashMapNtNtB1m_6string6StringB2N_EEEEs1_00Bb_
FNDA:0,_RNCNCINvMs_NtCsfUaFiSwe4RK_10rapidtrees8snapshotNtB9_9Snapshots16from_newick_iterINtNtCs1OjIl8oxbrv_5alloc3vec3VecTReRINtNtNtNtCsg55jX0GwzBC_3std11collections4hash3map7HashMapNtNtB1m_6string6StringB2N_EEEEs1_0s0_0Bb_
FNDA:125,_RNCNCINvMs_NtCsfUaFiSwe4RK_10rapidtrees8snapshotNtB9_9Snapshots16from_newick_iterINtNtCs1OjIl8oxbrv_5alloc3vec3VecTReRINtNtNtNtCsg55jX0GwzBC_3std11collections4hash3map7HashMapNtNtB1m_6string6StringB2N_EEEEs1_0s_0Bb_
FNDA:0,_RNCNCINvMs_NtCsfUaFiSwe4RK_10rapidtrees8snapshotNtB9_9Snapshots16from_newick_iterINtNtNtNtCsl8K0bEFm1U0_4core4iter8adapters3map3MapINtNtB1m_3zip3ZipINtNtNtB1q_5slice4iter4IterNtNtCs1OjIl8oxbrv_5alloc6string6StringEIB2n_jEENCNvNtBb_3api27collect_snapshots_from_iters_0EEs1_00Bb_
FNDA:0,_RNCNCINvMs_NtCsfUaFiSwe4RK_10rapidtrees8snapshotNtB9_9Snapshots16from_newick_iterINtNtNtNtCsl8K0bEFm1U0_4core4iter8adapters3map3MapINtNtB1m_3zip3ZipINtNtNtB1q_5slice4iter4IterNtNtCs1OjIl8oxbrv_5alloc6string6StringEIB2n_jEENCNvNtBb_3api27collect_snapshots_from_iters_0EEs1_0s0_0Bb_
FNDA:48,_RNCNCINvMs_NtCsfUaFiSwe4RK_10rapidtrees8snapshotNtB9_9Snapshots16from_newick_iterINtNtNtNtCsl8K0bEFm1U0_4core4iter8adapters3map3MapINtNtB1m_3zip3ZipINtNtNtB1q_5slice4iter4IterNtNtCs1OjIl8oxbrv_5alloc6string6StringEIB2n_jEENCNvNtBb_3api27collect_snapshots_from_iters_0EEs1_0s_0Bb_
FNDA:0,_RNCNCINvMs_NtCsfUaFiSwe4RK_10rapidtrees8snapshotNtB9_9Snapshots16from_newick_iterINtNtNtNtCsl8K0bEFm1U0_4core4iter8adapters3map3MapINtNtNtB1q_5slice4iter4IterNtNtCs1OjIl8oxbrv_5alloc6string6StringENCINvNtBb_2io16load_beast_treesNtNtCsg55jX0GwzBC_3std4path7PathBufE0EEs1_00Bb_
FNDA:0,_RNCNCINvMs_NtCsfUaFiSwe4RK_10rapidtrees8snapshotNtB9_9Snapshots16from_newick_iterINtNtNtNtCsl8K0bEFm1U0_4core4iter8adapters3map3MapINtNtNtB1q_5slice4iter4IterNtNtCs1OjIl8oxbrv_5alloc6string6StringENCINvNtBb_2io16load_beast_treesNtNtCsg55jX0GwzBC_3std4path7PathBufE0EEs1_0s0_0Bb_
FNDA:5670,_RNCNCINvMs_NtCsfUaFiSwe4RK_10rapidtrees8snapshotNtB9_9Snapshots16from_newick_iterINtNtNtNtCsl8K0bEFm1U0_4core4iter8adapters3map3MapINtNtNtB1q_5slice4iter4IterNtNtCs1OjIl8oxbrv_5alloc6string6StringENCINvNtBb_2io16load_beast_treesNtNtCsg55jX0GwzBC_3std4path7PathBufE0EEs1_0s_0Bb_
FNDA:0,_RNCNCINvMs_NtCsfUaFiSwe4RK_10rapidtrees8snapshotNtB9_9Snapshots16from_newick_iterINtNtNtNtCsl8K0bEFm1U0_4core4iter8adapters3map3MapINtNtNtB1q_5slice4iter4IterNtNtCs1OjIl8oxbrv_5alloc6string6StringENCINvNtBb_2io16load_beast_treesReE0EEs1_00Bb_
FNDA:0,_RNCNCINvMs_NtCsfUaFiSwe4RK_10rapidtrees8snapshotNtB9_9Snapshots16from_newick_iterINtNtNtNtCsl8K0bEFm1U0_4core4iter8adapters3map3MapINtNtNtB1q_5slice4iter4IterNtNtCs1OjIl8oxbrv_5alloc6string6StringENCINvNtBb_2io16load_beast_treesReE0EEs1_0s0_0Bb_
FNDA:0,_RNCNCINvMs_NtCsfUaFiSwe4RK_10rapidtrees8snapshotNtB9_9Snapshots16from_newick_iterINtNtNtNtCsl8K0bEFm1U0_4core4iter8adapters3map3MapINtNtNtB1q_5slice4iter4IterNtNtCs1OjIl8oxbrv_5alloc6string6StringENCINvNtBb_2io16load_beast_treesReE0EEs1_0s_0Bb_
FNDA:0,_RNCNCINvMs_NtCsfUaFiSwe4RK_10rapidtrees8snapshotNtB9_9Snapshots16from_newick_iterINtNtNtNtCsl8K0bEFm1U0_4core4iter8adapters3map3MapINtNtNtB1q_5slice4iter4IterReENCNvB6_12from_newicks0EEs1_00Bb_
FNDA:0,_RNCNCINvMs_NtCsfUaFiSwe4RK_10rapidtrees8snapshotNtB9_9Snapshots16from_newick_iterINtNtNtNtCsl8K0bEFm1U0_4core4iter8adapters3map3MapINtNtNtB1q_5slice4iter4IterReENCNvB6_12from_newicks0EEs1_0s0_0Bb_
FNDA:226,_RNCNCINvMs_NtCsfUaFiSwe4RK_10rapidtrees8snapshotNtB9_9Snapshots16from_newick_iterINtNtNtNtCsl8K0bEFm1U0_4core4iter8adapters3map3MapINtNtNtB1q_5slice4iter4IterReENCNvB6_12from_newicks0EEs1_0s_0Bb_
FNDA:12727,_RNCNCNvMs_NtCsfUaFiSwe4RK_10rapidtrees8snapshotNtB8_9Snapshots6interns_00Ba_
FNDA:0,_RNCNvMNtCsfUaFiSwe4RK_10rapidtrees8snapshotNtB4_8Snapshot11from_newick0B6_
FNDA:0,_RNCNvMNtCsfUaFiSwe4RK_10rapidtrees8snapshotNtB4_8Snapshot11from_newicks_0B6_
FNDA:20587,_RNCNvMNtCsfUaFiSwe4RK_10rapidtrees8snapshotNtB4_8Snapshot18collect_partitions0B6_
FNDA:545,_RNCNvMNtCsfUaFiSwe4RK_10rapidtrees8snapshotNtB4_8Snapshot18collect_partitionss0_0B6_
FNDA:20042,_RNCNvMNtCsfUaFiSwe4RK_10rapidtrees8snapshotNtB4_8Snapshot18collect_partitionss_0B6_
FNDA:403,_RNCNvMNtCsfUaFiSwe4RK_10rapidtrees8snapshotNtB4_8Snapshot18compute_complement0B6_
FNDA:26,_RNCNvMNtCsfUaFiSwe4RK_10rapidtrees8snapshotNtB4_8Snapshot23canonicalize_partitions0B6_
FNDA:136955,_RNCNvMNtCsfUaFiSwe4RK_10rapidtrees8snapshotNtB4_8Snapshot23canonicalize_partitionss0_0B6_
FNDA:20026,_RNCNvMNtCsfUaFiSwe4RK_10rapidtrees8snapshotNtB4_8Snapshot23canonicalize_partitionss_0B6_
FNDA:10566,_RNCNvMNtCsfUaFiSwe4RK_10rapidtrees8snapshotNtB4_8Snapshot9from_tree0B6_
FNDA:10566,_RNCNvMNtCsfUaFiSwe4RK_10rapidtrees8snapshotNtB4_8Snapshot9from_trees0_0B6_
FNDA:10566,_RNCNvMNtCsfUaFiSwe4RK_10rapidtrees8snapshotNtB4_8Snapshot9from_trees1_0B6_
FNDA:545,_RNCNvMNtCsfUaFiSwe4RK_10rapidtrees8snapshotNtB4_8Snapshot9from_trees2_0B6_
FNDA:56699,_RNCNvMNtCsfUaFiSwe4RK_10rapidtrees8snapshotNtB4_8Snapshot9from_trees_0B6_
FNDA:50,_RNCNvMs_NtCsfUaFiSwe4RK_10rapidtrees8snapshotNtB6_9Snapshots12from_newicks0B8_
FNDA:59,_RNCNvMs_NtCsfUaFiSwe4RK_10rapidtrees8snapshotNtB6_9Snapshots20sorted_bip_id_to_col0B8_
FNDA:12,_RNCNvMs_NtCsfUaFiSwe4RK_10rapidtrees8snapshotNtB6_9Snapshots21build_presence_matrix0B8_
FNDA:15,_RNCNvMs_NtCsfUaFiSwe4RK_10rapidtrees8snapshotNtB6_9Snapshots23build_bipartition_bytes0B8_
FNDA:17,_RNCNvMs_NtCsfUaFiSwe4RK_10rapidtrees8snapshotNtB6_9Snapshots26build_branch_length_matrix0B8_
FNDA:141,_RNCNvMs_NtCsfUaFiSwe4RK_10rapidtrees8snapshotNtB6_9Snapshots6interns_0B8_
FNDA:396,_RNvMNtCsfUaFiSwe4RK_10rapidtrees8snapshotNtB2_8Snapshot11from_newick
FNDA:20587,_RNvMNtCsfUaFiSwe4RK_10rapidtrees8snapshotNtB2_8Snapshot15compute_bitsets
FNDA:545,_RNvMNtCsfUaFiSwe4RK_10rapidtrees8snapshotNtB2_8Snapshot18collect_partitions
FNDA:169,_RNvMNtCsfUaFiSwe4RK_10rapidtrees8snapshotNtB2_8Snapshot18compute_complement
FNDA:546,_RNvMNtCsfUaFiSwe4RK_10rapidtrees8snapshotNtB2_8Snapshot23canonicalize_partitions
FNDA:545,_RNvMNtCsfUaFiSwe4RK_10rapidtrees8snapshotNtB2_8Snapshot9from_tree
FNDA:4,_RNvMs_NtCsfUaFiSwe4RK_10rapidtrees8snapshotNtB4_9Snapshots11pairwise_kf
FNDA:5,_RNvMs_NtCsfUaFiSwe4RK_10rapidtrees8snapshotNtB4_9Snapshots11pairwise_rf
FNDA:20,_RNvMs_NtCsfUaFiSwe4RK_10rapidtrees8snapshotNtB4_9Snapshots12from_newicks
FNDA:6,_RNvMs_NtCsfUaFiSwe4RK_10rapidtrees8snapshotNtB4_9Snapshots12pairwise_wrf
FNDA:3,_RNvMs_NtCsfUaFiSwe4RK_10rapidtrees8snapshotNtB4_9Snapshots19pairwise_kf_counted
FNDA:5,_RNvMs_NtCsfUaFiSwe4RK_10rapidtrees8snapshotNtB4_9Snapshots19pairwise_rf_counted
FNDA:3,_RNvMs_NtCsfUaFiSwe4RK_10rapidtrees8snapshotNtB4_9Snapshots20pairwise_wrf_counted
FNDA:12,_RNvMs_NtCsfUaFiSwe4RK_10rapidtrees8snapshotNtB4_9Snapshots20sorted_bip_id_to_col
FNDA:5,_RNvMs_NtCsfUaFiSwe4RK_10rapidtrees8snapshotNtB4_9Snapshots21build_presence_matrix
FNDA:4,_RNvMs_NtCsfUaFiSwe4RK_10rapidtrees8snapshotNtB4_9Snapshots23build_bipartition_bytes
FNDA:7,_RNvMs_NtCsfUaFiSwe4RK_10rapidtrees8snapshotNtB4_9Snapshots26build_branch_length_matrix
FNDA:5,_RNvMs_NtCsfUaFiSwe4RK_10rapidtrees8snapshotNtB4_9Snapshots3len
FNDA:1,_RNvMs_NtCsfUaFiSwe4RK_10rapidtrees8snapshotNtB4_9Snapshots5empty
FNDA:35,_RNvMs_NtCsfUaFiSwe4RK_10rapidtrees8snapshotNtB4_9Snapshots6intern
FNF:80
FNH:73
DA:100,396
DA:101,396
DA:102,396
DA:103,396
DA:117,545
DA:118,545
DA:120,545
DA:121,545
DA:122,545
DA:123,10566
DA:124,10566
DA:125,10566
DA:126,10566
DA:127,545
DA:130,56699
DA:132,10566
DA:133,545
DA:134,545
DA:137,545
DA:138,545
DA:139,545
DA:140,10566
DA:141,545
DA:146,545
DA:147,545
DA:148,545
DA:149,545
DA:150,545
DA:151,545
DA:154,545
DA:159,545
DA:160,545
DA:162,545
DA:163,545
DA:164,545
DA:165,545
DA:166,545
DA:167,545
DA:168,545
DA:169,545
DA:170,545
DA:179,20587
DA:180,20587
DA:181,20587
DA:182,20587
DA:183,20587
DA:184,20587
DA:185,20587
DA:186,20587
DA:187,0
DA:188,20587
DA:190,20587
DA:192,20587
DA:193,10566
DA:194,10566
DA:195,10566
DA:196,10566
DA:197,10566
DA:198,10566
DA:199,10566
DA:200,10021
DA:202,10021
DA:203,20042
DA:204,20042
DA:205,20042
DA:206,20042
DA:209,10021
DA:210,10021
DA:211,20587
DA:221,545
DA:222,545
DA:223,545
DA:224,545
DA:225,545
DA:226,545
DA:227,545
DA:228,20587
DA:229,20042
DA:230,20042
DA:231,20042
DA:232,20042
DA:233,545
DA:234,545
DA:235,545
DA:284,546
DA:285,546
DA:286,546
DA:287,546
DA:288,546
DA:289,546
DA:290,546
DA:291,546
DA:295,3
DA:296,26
DA:297,3
DA:298,543
DA:309,543
DA:310,543
DA:311,543
DA:312,20026
DA:313,20026
DA:315,20026
DA:316,10554
DA:317,9472
DA:319,9472
DA:320,457
DA:321,9015
DA:323,9015
DA:324,9015
DA:325,169
DA:327,8846
DA:330,9015
DA:331,20026
DA:332,543
DA:335,136955
DA:340,543
DA:341,19569
DA:342,19569
DA:343,19026
DA:345,84
DA:346,84
DA:347,19485
DA:348,19485
DA:352,543
DA:353,543
DA:355,543
DA:356,546
DA:365,169
DA:366,403
DA:367,169
DA:368,169
DA:369,169
DA:370,169
DA:371,169
DA:372,169
DA:420,37
DA:421,37
DA:422,37
DA:423,37
DA:424,37
DA:425,37
DA:426,1
DA:427,36
DA:430,36
DA:431,36
DA:432,36
DA:433,36
DA:434,36
DA:437,36
DA:438,36
DA:439,0
DA:440,0
DA:441,0
DA:442,36
DA:444,36
DA:445,36
DA:446,509
DA:447,36
DA:448,36
DA:449,36
DA:450,36
DA:452,36
DA:453,36
DA:454,36
DA:457,36
DA:458,36
DA:459,36
DA:460,107
DA:461,107
DA:462,107
DA:463,107
DA:464,107
DA:465,107
DA:467,107
DA:468,107
DA:469,107
DA:470,6073
DA:471,107
DA:472,107
DA:473,1
DA:474,1
DA:475,1
DA:476,106
DA:477,106
DA:478,106
DA:479,107
DA:480,36
DA:482,35
DA:483,35
DA:484,35
DA:486,35
DA:487,37
DA:496,20
DA:497,20
DA:498,50
DA:499,20
DA:502,5
DA:503,5
DA:504,5
DA:507,0
DA:508,0
DA:509,0
DA:514,12
DA:515,12
DA:516,12
DA:517,59
DA:518,12
DA:519,60
DA:520,60
DA:521,60
DA:522,12
DA:523,12
DA:535,5
DA:536,5
DA:537,5
DA:538,5
DA:539,5
DA:543,5
DA:544,28
DA:545,28
DA:546,28
DA:548,5
DA:549,0
DA:550,5
DA:553,5
DA:554,5
DA:555,5
DA:556,12
DA:557,54
DA:558,54
DA:559,54
DA:560,54
DA:561,12
DA:563,5
DA:564,5
DA:588,7
DA:589,7
DA:590,7
DA:591,7
DA:593,7
DA:594,32
DA:595,32
DA:596,32
DA:598,7
DA:599,0
DA:600,7
DA:602,7
DA:603,7
DA:604,7
DA:605,7
DA:606,17
DA:607,67
DA:608,67
DA:609,67
DA:610,17
DA:612,7
DA:613,76
DA:614,76
DA:615,76
DA:616,7
DA:617,7
DA:634,4
DA:635,4
DA:636,4
DA:637,4
DA:638,15
DA:639,15
DA:640,15
DA:641,15
DA:642,15
DA:643,15
DA:644,15
DA:647,4
DA:648,4
DA:651,5
DA:652,5
DA:653,5
DA:656,6
DA:657,6
DA:658,6
DA:661,4
DA:662,4
DA:663,4
DA:667,5
DA:668,5
DA:669,5
DA:671,5
DA:673,5
DA:676,3
DA:677,3
DA:678,3
DA:680,3
DA:682,3
DA:685,3
DA:686,3
DA:687,3
DA:689,3
DA:691,3
DA:694,35
DA:695,35
DA:696,35
DA:697,35
DA:699,35
DA:700,35
DA:701,141
DA:702,141
DA:703,141
DA:704,141
DA:705,141
DA:706,12727
DA:707,12727
DA:708,12727
DA:709,10549
DA:711,2178
DA:712,2178
DA:713,2178
DA:715,12727
DA:716,12727
DA:717,141
DA:719,141
DA:720,141
DA:721,141
DA:722,141
DA:723,35
DA:725,35
DA:726,35
DA:727,35
DA:728,35
DA:729,35
DA:730,35
DA:731,35
DA:732,35
DA:734,1
DA:735,1
DA:736,1
DA:737,1
DA:738,1
DA:739,1
DA:740,1
DA:741,1
DA:742,1
DA:768,1
DA:785,1
DA:786,1
DA:787,1
DA:789,1
DA:790,1
DA:791,1
DA:800,1
DA:801,1
DA:802,1
DA:803,1
DA:804,1
DA:805,1
DA:808,0
DA:810,1
DA:811,1
DA:814,1
DA:823,1
DA:828,1
DA:829,1
DA:833,1
DA:834,1
DA:837,0
DA:839,1
DA:843,1
DA:846,4
DA:848,1
DA:849,1
DA:852,1
DA:853,1
DA:854,1
DA:855,1
DA:859,1
DA:860,1
DA:863,1
DA:864,1
DA:865,1
DA:866,1
DA:870,1
DA:871,1
DA:874,1
DA:875,1
DA:876,1
DA:877,1
DA:878,1
DA:879,1
DA:920,1
DA:924,1
DA:925,1
DA:926,1
DA:927,1
DA:928,1
DA:931,1
DA:932,1
DA:933,1
DA:934,1
DA:935,1
DA:936,1
DA:940,1
DA:941,1
DA:942,1
DA:943,1
DA:944,1
DA:945,1
DA:946,1
DA:954,1
DA:977,1
DA:981,1
DA:982,1
DA:983,1
DA:984,1
DA:987,1
DA:988,1
DA:989,1
DA:990,1
DA:997,1
DA:998,1
DA:1001,1
DA:1031,1
DA:1035,1
DA:1038,1
DA:1041,1
DA:1042,1
DA:1043,3
DA:1044,3
DA:1047,1
DA:1048,1
DA:1049,1
DA:1051,1
DA:1052,1
DA:1053,1
DA:1056,1
DA:1057,1
DA:1058,1
DA:1059,1
DA:1060,1
DA:1083,1
DA:1087,1
DA:1090,1
DA:1093,3
DA:1094,3
DA:1097,1
DA:1098,1
DA:1099,1
DA:1101,1
DA:1102,1
DA:1103,1
DA:1106,1
DA:1123,1
DA:1128,1
DA:1129,1
DA:1130,1
DA:1131,1
DA:1134,1
DA:1135,1
DA:1136,1
DA:1145,1
DA:1146,1
DA:1147,1
DA:1150,1
DA:1152,1
DA:1153,1
DA:1156,1
DA:1159,1
DA:1160,1
DA:1161,1
DA:1162,1
DA:1164,1
DA:1165,1
DA:1166,1
DA:1174,1
DA:1175,1
DA:1176,1
DA:1179,1
DA:1182,1
DA:1184,1
DA:1186,1
DA:1189,1
DA:1190,1
DA:1191,1
DA:1192,1
DA:1197,1
DA:1198,1
DA:1199,1
DA:1200,1
DA:1201,1
DA:1202,1
DA:1207,1
DA:1209,1
DA:1210,1
DA:1213,1
DA:1215,1
DA:1216,1
DA:1217,1
DA:1218,1
DA:1220,1
DA:1221,1
DA:1227,1
DA:1264,1
DA:1265,1
DA:1266,1
DA:1267,1
DA:1268,1
DA:1269,1
DA:1270,1
DA:1271,1
DA:1274,1
DA:1275,1
DA:1276,12
DA:1277,1
DA:1278,1
DA:1280,1
DA:1281,1
DA:1284,6
DA:1285,1
DA:1287,1
DA:1288,1
DA:1289,1
DA:1294,1
DA:1295,1
DA:1296,1
DA:1297,6
DA:1298,1
DA:1299,1
DA:1300,1
DA:1301,1
DA:1302,6
DA:1303,1
DA:1304,1
DA:1305,1
DA:1306,1
DA:1310,4
DA:1311,4
DA:1312,4
DA:1314,1
DA:1320,1
DA:1321,1
DA:1322,1
DA:1323,1
DA:1324,1
DA:1325,1
DA:1327,1
DA:1328,1
DA:1331,1
DA:1333,1
DA:1334,1
DA:1335,1
DA:1336,12
DA:1337,1
DA:1340,2
DA:1341,12
DA:1342,12
DA:1343,12
DA:1344,12
DA:1350,1
DA:1356,1
DA:1357,1
DA:1359,1
DA:1361,1
DA:1362,1
DA:1364,1
DA:1365,1
DA:1366,4
DA:1367,1
DA:1369,4
DA:1370,1
DA:1376,1
DA:1378,1
DA:1379,1
DA:1380,1
DA:1381,1
DA:1382,1
DA:1383,1
DA:1384,1
DA:1385,1
DA:1387,1
DA:1388,1
DA:1389,18
DA:1390,1
DA:1393,6
DA:1394,6
DA:1395,6
DA:1396,1
DA:1397,1
DA:1398,1
DA:1399,1
DA:1400,0
DA:1403,1
DA:1404,3
DA:1405,9
DA:1406,9
DA:1407,54
DA:1408,9
DA:1409,9
DA:1410,9
DA:1412,0
DA:1416,1
BRF:0
BRH:0
LF:641
LH:621
end_of_record